04-15 00:01:00.013 [ INFO] [   c.g.g.c.VisibleThreadPoolTaskExecutor: 22] - Async-Service-, 2. do submit,taskCount [0], completedTaskCount [0], activeCount [0], queueSize [0]
04-15 00:01:00.030 [ INFO] [               c.g.g.s.i.TaskServiceImpl:295] - 定时任务--关闭已经超时的提交作业通道
04-15 00:01:00.033 [DEBUG] [                 c.g.g.m.T.queryTaskList:159] - ==>  Preparing: SELECT * FROM task WHERE closeTime<? AND commitLate=0 AND isClosed=0 
04-15 00:01:00.034 [DEBUG] [                 c.g.g.m.T.queryTaskList:159] - ==> Parameters: 2021-04-15:00-01-00(String)
04-15 00:01:00.048 [DEBUG] [                 c.g.g.m.T.queryTaskList:159] - <==      Total: 0
04-15 00:16:24.332 [ INFO] [                       o.h.v.i.u.Version: 21] - HV000001: Hibernate Validator 6.1.5.Final
04-15 00:16:24.378 [ INFO] [             c.g.g.GeekstudioApplication: 55] - Starting GeekstudioApplication on DESKTOP-JFM65K6 with PID 27344 (D:\ideaProject\geekstudio\target\classes started by 王家辉 in D:\ideaProject\geekstudio)
04-15 00:16:24.380 [ INFO] [             c.g.g.GeekstudioApplication:655] - The following profiles are active: test
04-15 00:16:24.509 [ INFO] [                o.s.b.d.r.ChangeableUrls:225] - The Class-Path manifest attribute in D:\maven_repository\maven_repository\com\sun\xml\bind\jaxb-impl\2.3.0\jaxb-impl-2.3.0.jar referenced one or more files that do not exist: file:/D:/maven_repository/maven_repository/com/sun/xml/bind/jaxb-impl/2.3.0/jaxb-core.jar
04-15 00:16:24.509 [ INFO] [                o.s.b.d.r.ChangeableUrls:225] - The Class-Path manifest attribute in D:\maven_repository\maven_repository\com\sun\xml\bind\jaxb-core\2.3.0\jaxb-core-2.3.0.jar referenced one or more files that do not exist: file:/D:/maven_repository/maven_repository/com/sun/xml/bind/jaxb-core/2.3.0/jaxb-api.jar
04-15 00:16:24.511 [ INFO] [.e.DevToolsPropertyDefaultsPostProcessor:225] - Devtools property defaults active! Set 'spring.devtools.add-properties' to 'false' to disable
04-15 00:16:24.511 [ INFO] [.e.DevToolsPropertyDefaultsPostProcessor:225] - For additional web related logging consider setting the 'logging.level.web' property to 'DEBUG'
04-15 00:16:25.275 [ INFO] [.s.d.r.c.RepositoryConfigurationDelegate:249] - Multiple Spring Data modules found, entering strict repository configuration mode!
04-15 00:16:25.278 [ INFO] [.s.d.r.c.RepositoryConfigurationDelegate:127] - Bootstrapping Spring Data Redis repositories in DEFAULT mode.
04-15 00:16:25.317 [ INFO] [.s.d.r.c.RepositoryConfigurationDelegate:187] - Finished Spring Data repository scanning in 27ms. Found 0 Redis repository interfaces.
04-15 00:16:26.284 [ INFO] [             o.s.b.w.e.t.TomcatWebServer:108] - Tomcat initialized with port(s): 8080 (http)
04-15 00:16:26.306 [ INFO] [               o.a.c.h.Http11NioProtocol:173] - Initializing ProtocolHandler ["http-nio-8080"]
04-15 00:16:26.306 [ INFO] [                 o.a.c.c.StandardService:173] - Starting service [Tomcat]
04-15 00:16:26.307 [ INFO] [                  o.a.c.c.StandardEngine:173] - Starting Servlet engine: [Apache Tomcat/9.0.38]
04-15 00:16:26.401 [ INFO] [                       o.a.c.c.C.[.[.[/]:173] - Initializing Spring embedded WebApplicationContext
04-15 00:16:26.401 [ INFO] [w.s.c.ServletWebServerApplicationContext:285] - Root WebApplicationContext: initialization completed in 1889 ms
04-15 00:16:27.072 [ INFO] [                  c.z.h.HikariDataSource:110] - HikariPool-1 - Starting...
04-15 00:16:27.500 [ INFO] [                  c.z.h.HikariDataSource:123] - HikariPool-1 - Start completed.
04-15 00:16:27.518 [DEBUG] [                c.g.g.m.U.queryAllUserId:159] - ==>  Preparing: SELECT userId FROM user 
04-15 00:16:27.587 [DEBUG] [                c.g.g.m.U.queryAllUserId:159] - ==> Parameters: 
04-15 00:16:27.626 [DEBUG] [                c.g.g.m.U.queryAllUserId:159] - <==      Total: 12
04-15 00:16:27.636 [DEBUG] [                   c.g.g.m.C.queryCourse:159] - ==>  Preparing: SELECT * FROM course 
04-15 00:16:27.636 [DEBUG] [                   c.g.g.m.C.queryCourse:159] - ==> Parameters: 
04-15 00:16:27.644 [DEBUG] [                   c.g.g.m.C.queryCourse:159] - <==      Total: 4
04-15 00:16:27.645 [DEBUG] [             c.g.g.m.U.queryCourseUserId:159] - ==>  Preparing: SELECT DISTINCT u.userId FROM user u, direction d WHERE d.courseId = ? AND u.userId=d.userId 
04-15 00:16:27.647 [DEBUG] [             c.g.g.m.U.queryCourseUserId:159] - ==> Parameters: 1(Integer)
04-15 00:16:27.651 [DEBUG] [             c.g.g.m.U.queryCourseUserId:159] - <==      Total: 4
04-15 00:16:27.653 [DEBUG] [             c.g.g.m.U.queryCourseUserId:159] - ==>  Preparing: SELECT DISTINCT u.userId FROM user u, direction d WHERE d.courseId = ? AND u.userId=d.userId 
04-15 00:16:27.654 [DEBUG] [             c.g.g.m.U.queryCourseUserId:159] - ==> Parameters: 2(Integer)
04-15 00:16:27.658 [DEBUG] [             c.g.g.m.U.queryCourseUserId:159] - <==      Total: 3
04-15 00:16:27.659 [DEBUG] [             c.g.g.m.U.queryCourseUserId:159] - ==>  Preparing: SELECT DISTINCT u.userId FROM user u, direction d WHERE d.courseId = ? AND u.userId=d.userId 
04-15 00:16:27.659 [DEBUG] [             c.g.g.m.U.queryCourseUserId:159] - ==> Parameters: 3(Integer)
04-15 00:16:27.662 [DEBUG] [             c.g.g.m.U.queryCourseUserId:159] - <==      Total: 1
04-15 00:16:27.663 [DEBUG] [             c.g.g.m.U.queryCourseUserId:159] - ==>  Preparing: SELECT DISTINCT u.userId FROM user u, direction d WHERE d.courseId = ? AND u.userId=d.userId 
04-15 00:16:27.663 [DEBUG] [             c.g.g.m.U.queryCourseUserId:159] - ==> Parameters: 4(Integer)
04-15 00:16:27.665 [DEBUG] [             c.g.g.m.U.queryCourseUserId:159] - <==      Total: 0
04-15 00:16:27.992 [ INFO] [   c.g.g.c.VisibleThreadPoolTaskExecutor:181] - Initializing ExecutorService
04-15 00:16:27.993 [ INFO] [   c.g.g.c.VisibleThreadPoolTaskExecutor:181] - Initializing ExecutorService 'taskExecutor'
04-15 00:16:28.398 [ INFO] [         o.s.s.c.ThreadPoolTaskScheduler:181] - Initializing ExecutorService 'taskScheduler'
04-15 00:16:28.520 [ INFO] [      o.s.b.d.a.OptionalLiveReloadServer: 58] - LiveReload server is running on port 35729
04-15 00:16:28.531 [ INFO] [               o.a.c.h.Http11NioProtocol:173] - Starting ProtocolHandler ["http-nio-8080"]
04-15 00:16:28.562 [ INFO] [                       o.a.c.c.C.[.[.[/]:173] - Initializing Spring DispatcherServlet 'dispatcherServlet'
04-15 00:16:28.563 [ INFO] [               o.s.w.s.DispatcherServlet:525] - Initializing Servlet 'dispatcherServlet'
04-15 00:16:28.570 [ INFO] [               o.s.w.s.DispatcherServlet:547] - Completed initialization in 7 ms
04-15 00:16:28.573 [ INFO] [             o.s.b.w.e.t.TomcatWebServer:220] - Tomcat started on port(s): 8080 (http) with context path ''
04-15 00:16:28.587 [ INFO] [             c.g.g.GeekstudioApplication: 61] - Started GeekstudioApplication in 4.739 seconds (JVM running for 5.801)
