12-08 21:23:35.739 [ INFO] [                       o.h.v.i.u.Version: 21] - HV000001: Hibernate Validator 6.1.5.Final
12-08 21:23:35.778 [ INFO] [             c.g.g.GeekstudioApplication: 55] - Starting GeekstudioApplication on DESKTOP-JFM65K6 with PID 1936 (D:\ideaProject\geekstudio\target\classes started by 王家辉 in D:\ideaProject\geekstudio)
12-08 21:23:35.780 [ INFO] [             c.g.g.GeekstudioApplication:651] - No active profile set, falling back to default profiles: default
12-08 21:23:36.467 [ INFO] [.s.d.r.c.RepositoryConfigurationDelegate:249] - Multiple Spring Data modules found, entering strict repository configuration mode!
12-08 21:23:36.477 [ INFO] [.s.d.r.c.RepositoryConfigurationDelegate:127] - Bootstrapping Spring Data Redis repositories in DEFAULT mode.
12-08 21:23:36.546 [ INFO] [.s.d.r.c.RepositoryConfigurationDelegate:187] - Finished Spring Data repository scanning in 28ms. Found 0 Redis repository interfaces.
12-08 21:23:36.998 [ INFO] [             o.s.b.w.e.t.TomcatWebServer:108] - Tomcat initialized with port(s): 8080 (http)
12-08 21:23:37.006 [ INFO] [               o.a.c.h.Http11NioProtocol:173] - Initializing ProtocolHandler ["http-nio-8080"]
12-08 21:23:37.007 [ INFO] [                 o.a.c.c.StandardService:173] - Starting service [Tomcat]
12-08 21:23:37.007 [ INFO] [                  o.a.c.c.StandardEngine:173] - Starting Servlet engine: [Apache Tomcat/9.0.38]
12-08 21:23:37.082 [ INFO] [                       o.a.c.c.C.[.[.[/]:173] - Initializing Spring embedded WebApplicationContext
12-08 21:23:37.082 [ INFO] [w.s.c.ServletWebServerApplicationContext:285] - Root WebApplicationContext: initialization completed in 1256 ms
12-08 21:23:37.908 [ INFO] [         o.s.s.c.ThreadPoolTaskScheduler:181] - Initializing ExecutorService 'taskScheduler'
12-08 21:23:37.928 [ INFO] [               o.a.c.h.Http11NioProtocol:173] - Starting ProtocolHandler ["http-nio-8080"]
12-08 21:23:37.951 [ INFO] [             o.s.b.w.e.t.TomcatWebServer:220] - Tomcat started on port(s): 8080 (http) with context path ''
12-08 21:23:37.962 [ INFO] [             c.g.g.GeekstudioApplication: 61] - Started GeekstudioApplication in 2.539 seconds (JVM running for 4.568)
12-08 21:25:22.016 [ INFO] [                       o.a.c.c.C.[.[.[/]:173] - Initializing Spring DispatcherServlet 'dispatcherServlet'
12-08 21:25:22.017 [ INFO] [               o.s.w.s.DispatcherServlet:525] - Initializing Servlet 'dispatcherServlet'
12-08 21:25:22.022 [ INFO] [               o.s.w.s.DispatcherServlet:547] - Completed initialization in 5 ms
12-08 21:25:22.165 [ INFO] [              c.g.g.s.p.UserServiceProxy: 49] - 用户登录：userId:2019912142, password:12345
12-08 21:25:22.180 [ INFO] [                  c.z.h.HikariDataSource:110] - HikariPool-1 - Starting...
12-08 21:25:22.517 [ INFO] [                  c.z.h.HikariDataSource:123] - HikariPool-1 - Start completed.
12-08 21:25:22.523 [DEBUG] [  c.g.g.m.U.queryUserByUserIdAndPassword:159] - ==>  Preparing: SELECT * FROM user WHERE userId=? AND password=? 
12-08 21:25:22.558 [DEBUG] [  c.g.g.m.U.queryUserByUserIdAndPassword:159] - ==> Parameters: 2019912142(String), 12345(String)
12-08 21:25:22.584 [DEBUG] [  c.g.g.m.U.queryUserByUserIdAndPassword:159] - <==      Total: 0
12-08 21:25:22.589 [DEBUG] [ c.g.g.m.S.queryAdminByUserIdAndPassword:159] - ==>  Preparing: SELECT * FROM admin WHERE adminId=? AND password=? 
12-08 21:25:22.589 [DEBUG] [ c.g.g.m.S.queryAdminByUserIdAndPassword:159] - ==> Parameters: 2019912142(String), 12345(String)
12-08 21:25:22.594 [DEBUG] [ c.g.g.m.S.queryAdminByUserIdAndPassword:159] - <==      Total: 1
12-08 21:28:37.789 [ INFO] [              c.g.g.s.p.FileServiceProxy: 27] - 用户userID为：2019912142上传了头像
12-08 21:28:37.802 [DEBUG] [             c.g.g.m.U.queryUserByUserId:159] - ==>  Preparing: SELECT * FROM user WHERE userId=? 
12-08 21:28:37.803 [DEBUG] [             c.g.g.m.U.queryUserByUserId:159] - ==> Parameters: 2019912142(String)
12-08 21:28:37.805 [DEBUG] [             c.g.g.m.U.queryUserByUserId:159] - <==      Total: 0
12-08 21:28:37.806 [DEBUG] [           c.g.g.m.S.queryAdminByAdminId:159] - ==>  Preparing: SELECT * FROM admin WHERE adminId=? 
12-08 21:28:37.806 [DEBUG] [           c.g.g.m.S.queryAdminByAdminId:159] - ==> Parameters: 2019912142(String)
12-08 21:28:37.808 [DEBUG] [           c.g.g.m.S.queryAdminByAdminId:159] - <==      Total: 1
12-08 21:28:37.819 [DEBUG] [              c.g.g.m.A.updateAdminImage:159] - ==>  Preparing: UPDATE admin SET image=? WHERE adminId=? 
12-08 21:28:37.819 [DEBUG] [              c.g.g.m.A.updateAdminImage:159] - ==> Parameters: /image/girl-2019912142.jpg(String), 2019912142(String)
12-08 21:28:37.826 [DEBUG] [              c.g.g.m.A.updateAdminImage:159] - <==    Updates: 1
12-08 21:29:57.807 [ INFO] [              c.g.g.s.p.FileServiceProxy: 27] - 用户userID为：2019912142上传了头像
12-08 21:29:57.811 [DEBUG] [             c.g.g.m.U.queryUserByUserId:159] - ==>  Preparing: SELECT * FROM user WHERE userId=? 
12-08 21:29:57.812 [DEBUG] [             c.g.g.m.U.queryUserByUserId:159] - ==> Parameters: 2019912142(String)
12-08 21:29:57.814 [DEBUG] [             c.g.g.m.U.queryUserByUserId:159] - <==      Total: 0
12-08 21:29:57.815 [DEBUG] [           c.g.g.m.S.queryAdminByAdminId:159] - ==>  Preparing: SELECT * FROM admin WHERE adminId=? 
12-08 21:29:57.815 [DEBUG] [           c.g.g.m.S.queryAdminByAdminId:159] - ==> Parameters: 2019912142(String)
12-08 21:29:57.817 [DEBUG] [           c.g.g.m.S.queryAdminByAdminId:159] - <==      Total: 1
12-08 21:34:10.362 [ INFO] [                       o.h.v.i.u.Version: 21] - HV000001: Hibernate Validator 6.1.5.Final
12-08 21:34:10.397 [ INFO] [             c.g.g.GeekstudioApplication: 55] - Starting GeekstudioApplication on DESKTOP-JFM65K6 with PID 16672 (D:\ideaProject\geekstudio\target\classes started by 王家辉 in D:\ideaProject\geekstudio)
12-08 21:34:10.399 [ INFO] [             c.g.g.GeekstudioApplication:651] - No active profile set, falling back to default profiles: default
12-08 21:34:10.893 [ INFO] [.s.d.r.c.RepositoryConfigurationDelegate:249] - Multiple Spring Data modules found, entering strict repository configuration mode!
12-08 21:34:10.899 [ INFO] [.s.d.r.c.RepositoryConfigurationDelegate:127] - Bootstrapping Spring Data Redis repositories in DEFAULT mode.
12-08 21:34:10.922 [ INFO] [.s.d.r.c.RepositoryConfigurationDelegate:187] - Finished Spring Data repository scanning in 15ms. Found 0 Redis repository interfaces.
12-08 21:34:11.295 [ INFO] [             o.s.b.w.e.t.TomcatWebServer:108] - Tomcat initialized with port(s): 8080 (http)
12-08 21:34:11.301 [ INFO] [               o.a.c.h.Http11NioProtocol:173] - Initializing ProtocolHandler ["http-nio-8080"]
12-08 21:34:11.302 [ INFO] [                 o.a.c.c.StandardService:173] - Starting service [Tomcat]
12-08 21:34:11.302 [ INFO] [                  o.a.c.c.StandardEngine:173] - Starting Servlet engine: [Apache Tomcat/9.0.38]
12-08 21:34:11.387 [ INFO] [                       o.a.c.c.C.[.[.[/]:173] - Initializing Spring embedded WebApplicationContext
12-08 21:34:11.387 [ INFO] [w.s.c.ServletWebServerApplicationContext:285] - Root WebApplicationContext: initialization completed in 939 ms
12-08 21:34:12.149 [ INFO] [         o.s.s.c.ThreadPoolTaskScheduler:181] - Initializing ExecutorService 'taskScheduler'
12-08 21:34:12.171 [ INFO] [               o.a.c.h.Http11NioProtocol:173] - Starting ProtocolHandler ["http-nio-8080"]
12-08 21:34:12.190 [ INFO] [             o.s.b.w.e.t.TomcatWebServer:220] - Tomcat started on port(s): 8080 (http) with context path ''
12-08 21:34:12.199 [ INFO] [             c.g.g.GeekstudioApplication: 61] - Started GeekstudioApplication in 2.111 seconds (JVM running for 4.151)
12-08 21:34:42.072 [ INFO] [                       o.a.c.c.C.[.[.[/]:173] - Initializing Spring DispatcherServlet 'dispatcherServlet'
12-08 21:34:42.072 [ INFO] [               o.s.w.s.DispatcherServlet:525] - Initializing Servlet 'dispatcherServlet'
12-08 21:34:42.091 [ INFO] [               o.s.w.s.DispatcherServlet:547] - Completed initialization in 18 ms
12-08 21:34:42.224 [ INFO] [              c.g.g.s.p.UserServiceProxy: 49] - 用户登录：userId:2019912142, password:12345
12-08 21:34:42.239 [ INFO] [                  c.z.h.HikariDataSource:110] - HikariPool-1 - Starting...
12-08 21:34:42.513 [ INFO] [                  c.z.h.HikariDataSource:123] - HikariPool-1 - Start completed.
12-08 21:34:42.518 [DEBUG] [  c.g.g.m.U.queryUserByUserIdAndPassword:159] - ==>  Preparing: SELECT * FROM user WHERE userId=? AND password=? 
12-08 21:34:42.556 [DEBUG] [  c.g.g.m.U.queryUserByUserIdAndPassword:159] - ==> Parameters: 2019912142(String), 12345(String)
12-08 21:34:42.585 [DEBUG] [  c.g.g.m.U.queryUserByUserIdAndPassword:159] - <==      Total: 0
12-08 21:34:42.590 [DEBUG] [ c.g.g.m.S.queryAdminByUserIdAndPassword:159] - ==>  Preparing: SELECT * FROM admin WHERE adminId=? AND password=? 
12-08 21:34:42.591 [DEBUG] [ c.g.g.m.S.queryAdminByUserIdAndPassword:159] - ==> Parameters: 2019912142(String), 12345(String)
12-08 21:34:42.595 [DEBUG] [ c.g.g.m.S.queryAdminByUserIdAndPassword:159] - <==      Total: 1
12-08 21:35:16.313 [ INFO] [              c.g.g.s.p.FileServiceProxy: 27] - 用户userID为：2019912142 上传了头像
12-08 21:35:16.321 [DEBUG] [             c.g.g.m.U.queryUserByUserId:159] - ==>  Preparing: SELECT * FROM user WHERE userId=? 
12-08 21:35:16.321 [DEBUG] [             c.g.g.m.U.queryUserByUserId:159] - ==> Parameters: 2019912142(String)
12-08 21:35:16.327 [DEBUG] [             c.g.g.m.U.queryUserByUserId:159] - <==      Total: 0
12-08 21:35:16.329 [DEBUG] [           c.g.g.m.S.queryAdminByAdminId:159] - ==>  Preparing: SELECT * FROM admin WHERE adminId=? 
12-08 21:35:16.329 [DEBUG] [           c.g.g.m.S.queryAdminByAdminId:159] - ==> Parameters: 2019912142(String)
12-08 21:35:16.331 [DEBUG] [           c.g.g.m.S.queryAdminByAdminId:159] - <==      Total: 1
12-08 21:35:16.396 [DEBUG] [              c.g.g.m.A.updateAdminImage:159] - ==>  Preparing: UPDATE admin SET image=? WHERE adminId=? 
12-08 21:35:16.397 [DEBUG] [              c.g.g.m.A.updateAdminImage:159] - ==> Parameters: /image/my-2019912142.PNG(String), 2019912142(String)
12-08 21:35:16.399 [DEBUG] [              c.g.g.m.A.updateAdminImage:159] - <==    Updates: 1
12-08 21:42:48.651 [ INFO] [              c.g.g.s.p.UserServiceProxy: 49] - 用户登录：userId:2019666, password:4444
12-08 21:42:48.654 [DEBUG] [  c.g.g.m.U.queryUserByUserIdAndPassword:159] - ==>  Preparing: SELECT * FROM user WHERE userId=? AND password=? 
12-08 21:42:48.655 [DEBUG] [  c.g.g.m.U.queryUserByUserIdAndPassword:159] - ==> Parameters: 2019666(String), 4444(String)
12-08 21:42:48.660 [DEBUG] [  c.g.g.m.U.queryUserByUserIdAndPassword:159] - <==      Total: 1
12-08 21:43:18.666 [ INFO] [              c.g.g.s.p.FileServiceProxy: 27] - 用户userID为：2019666 上传了头像
12-08 21:43:18.669 [DEBUG] [             c.g.g.m.U.queryUserByUserId:159] - ==>  Preparing: SELECT * FROM user WHERE userId=? 
12-08 21:43:18.670 [DEBUG] [             c.g.g.m.U.queryUserByUserId:159] - ==> Parameters: 2019666(String)
12-08 21:43:18.672 [DEBUG] [             c.g.g.m.U.queryUserByUserId:159] - <==      Total: 1
12-08 21:43:18.675 [DEBUG] [               c.g.g.m.U.updateUserImage:159] - ==>  Preparing: UPDATE user SET image=? WHERE userId=? 
12-08 21:43:18.675 [DEBUG] [               c.g.g.m.U.updateUserImage:159] - ==> Parameters: /image/picture5-2019666.jpg(String), 2019666(String)
12-08 21:43:18.678 [DEBUG] [               c.g.g.m.U.updateUserImage:159] - <==    Updates: 1
12-08 22:36:49.595 [ WARN] [                      c.z.h.p.HikariPool:787] - HikariPool-1 - Thread starvation or clock leap detected (housekeeper delta=6m36s854ms682µs200ns).
