04-23 13:02:53.308 [ INFO] [                       o.h.v.i.u.Version: 21] - HV000001: Hibernate Validator 6.1.5.Final
04-23 13:02:53.417 [ INFO] [             c.g.g.GeekstudioApplication: 55] - Starting GeekstudioApplication on DESKTOP-JFM65K6 with PID 4208 (D:\ideaProject\geekstudio\target\classes started by 王家辉 in D:\ideaProject\geekstudio)
04-23 13:02:53.433 [ INFO] [             c.g.g.GeekstudioApplication:655] - The following profiles are active: test
04-23 13:02:54.948 [ INFO] [.s.d.r.c.RepositoryConfigurationDelegate:249] - Multiple Spring Data modules found, entering strict repository configuration mode!
04-23 13:02:54.979 [ INFO] [.s.d.r.c.RepositoryConfigurationDelegate:127] - Bootstrapping Spring Data Redis repositories in DEFAULT mode.
04-23 13:02:55.104 [ INFO] [.s.d.r.c.RepositoryConfigurationDelegate:187] - Finished Spring Data repository scanning in 98ms. Found 0 Redis repository interfaces.
04-23 13:02:56.588 [ INFO] [             o.s.b.w.e.t.TomcatWebServer:108] - Tomcat initialized with port(s): 8080 (http)
04-23 13:02:56.604 [ INFO] [               o.a.c.h.Http11NioProtocol:173] - Initializing ProtocolHandler ["http-nio-8080"]
04-23 13:02:56.604 [ INFO] [                 o.a.c.c.StandardService:173] - Starting service [Tomcat]
04-23 13:02:56.604 [ INFO] [                  o.a.c.c.StandardEngine:173] - Starting Servlet engine: [Apache Tomcat/9.0.38]
04-23 13:02:56.838 [ INFO] [                       o.a.c.c.C.[.[.[/]:173] - Initializing Spring embedded WebApplicationContext
04-23 13:02:56.838 [ INFO] [w.s.c.ServletWebServerApplicationContext:285] - Root WebApplicationContext: initialization completed in 3280 ms
04-23 13:02:57.791 [ INFO] [                  c.z.h.HikariDataSource:110] - HikariPool-1 - Starting...
04-23 13:02:58.291 [ INFO] [                  c.z.h.HikariDataSource:123] - HikariPool-1 - Start completed.
04-23 13:02:58.306 [DEBUG] [                c.g.g.m.U.queryAllUserId:159] - ==>  Preparing: SELECT userId FROM user 
04-23 13:02:58.338 [DEBUG] [                c.g.g.m.U.queryAllUserId:159] - ==> Parameters: 
04-23 13:02:58.369 [DEBUG] [                c.g.g.m.U.queryAllUserId:159] - <==      Total: 13
04-23 13:02:58.385 [DEBUG] [                   c.g.g.m.C.queryCourse:159] - ==>  Preparing: SELECT * FROM course 
04-23 13:02:58.385 [DEBUG] [                   c.g.g.m.C.queryCourse:159] - ==> Parameters: 
04-23 13:02:58.385 [DEBUG] [                   c.g.g.m.C.queryCourse:159] - <==      Total: 4
04-23 13:02:58.385 [DEBUG] [             c.g.g.m.U.queryCourseUserId:159] - ==>  Preparing: SELECT DISTINCT u.userId FROM user u, direction d WHERE d.courseId = ? AND u.userId=d.userId 
04-23 13:02:58.385 [DEBUG] [             c.g.g.m.U.queryCourseUserId:159] - ==> Parameters: 1(Integer)
04-23 13:02:58.400 [DEBUG] [             c.g.g.m.U.queryCourseUserId:159] - <==      Total: 4
04-23 13:02:58.400 [DEBUG] [             c.g.g.m.U.queryCourseUserId:159] - ==>  Preparing: SELECT DISTINCT u.userId FROM user u, direction d WHERE d.courseId = ? AND u.userId=d.userId 
04-23 13:02:58.400 [DEBUG] [             c.g.g.m.U.queryCourseUserId:159] - ==> Parameters: 2(Integer)
04-23 13:02:58.400 [DEBUG] [             c.g.g.m.U.queryCourseUserId:159] - <==      Total: 3
04-23 13:02:58.400 [DEBUG] [             c.g.g.m.U.queryCourseUserId:159] - ==>  Preparing: SELECT DISTINCT u.userId FROM user u, direction d WHERE d.courseId = ? AND u.userId=d.userId 
04-23 13:02:58.400 [DEBUG] [             c.g.g.m.U.queryCourseUserId:159] - ==> Parameters: 3(Integer)
04-23 13:02:58.400 [DEBUG] [             c.g.g.m.U.queryCourseUserId:159] - <==      Total: 1
04-23 13:02:58.400 [DEBUG] [             c.g.g.m.U.queryCourseUserId:159] - ==>  Preparing: SELECT DISTINCT u.userId FROM user u, direction d WHERE d.courseId = ? AND u.userId=d.userId 
04-23 13:02:58.400 [DEBUG] [             c.g.g.m.U.queryCourseUserId:159] - ==> Parameters: 4(Integer)
04-23 13:02:58.400 [DEBUG] [             c.g.g.m.U.queryCourseUserId:159] - <==      Total: 0
04-23 13:02:58.853 [ INFO] [   c.g.g.c.VisibleThreadPoolTaskExecutor:181] - Initializing ExecutorService
04-23 13:02:58.853 [ INFO] [   c.g.g.c.VisibleThreadPoolTaskExecutor:181] - Initializing ExecutorService 'taskExecutor'
04-23 13:02:59.337 [ INFO] [         o.s.s.c.ThreadPoolTaskScheduler:181] - Initializing ExecutorService 'taskScheduler'
04-23 13:02:59.384 [ INFO] [               o.a.c.h.Http11NioProtocol:173] - Starting ProtocolHandler ["http-nio-8080"]
04-23 13:02:59.416 [ INFO] [                       o.a.c.c.C.[.[.[/]:173] - Initializing Spring DispatcherServlet 'dispatcherServlet'
04-23 13:02:59.416 [ INFO] [               o.s.w.s.DispatcherServlet:525] - Initializing Servlet 'dispatcherServlet'
04-23 13:02:59.416 [ INFO] [               o.s.w.s.DispatcherServlet:547] - Completed initialization in 0 ms
04-23 13:02:59.416 [ INFO] [             o.s.b.w.e.t.TomcatWebServer:220] - Tomcat started on port(s): 8080 (http) with context path ''
04-23 13:02:59.431 [ INFO] [             c.g.g.GeekstudioApplication: 61] - Started GeekstudioApplication in 6.618 seconds (JVM running for 8.513)
