05-02 15:16:03.264 [ INFO] [                       o.h.v.i.u.Version: 21] - HV000001: Hibernate Validator 6.1.5.Final
05-02 15:16:03.484 [ INFO] [             c.g.g.GeekstudioApplication: 55] - Starting GeekstudioApplication on DESKTOP-JFM65K6 with PID 21008 (D:\ideaProject\geekstudio\target\classes started by 王家辉 in D:\ideaProject\geekstudio)
05-02 15:16:03.494 [ INFO] [             c.g.g.GeekstudioApplication:655] - The following profiles are active: test
05-02 15:16:05.245 [ INFO] [.s.d.r.c.RepositoryConfigurationDelegate:249] - Multiple Spring Data modules found, entering strict repository configuration mode!
05-02 15:16:05.267 [ INFO] [.s.d.r.c.RepositoryConfigurationDelegate:127] - Bootstrapping Spring Data Redis repositories in DEFAULT mode.
05-02 15:16:05.365 [ INFO] [.s.d.r.c.RepositoryConfigurationDelegate:187] - Finished Spring Data repository scanning in 73ms. Found 0 Redis repository interfaces.
05-02 15:16:06.656 [ INFO] [             o.s.b.w.e.t.TomcatWebServer:108] - Tomcat initialized with port(s): 80 (http)
05-02 15:16:06.668 [ INFO] [               o.a.c.h.Http11NioProtocol:173] - Initializing ProtocolHandler ["http-nio-80"]
05-02 15:16:06.669 [ INFO] [                 o.a.c.c.StandardService:173] - Starting service [Tomcat]
05-02 15:16:06.669 [ INFO] [                  o.a.c.c.StandardEngine:173] - Starting Servlet engine: [Apache Tomcat/9.0.38]
05-02 15:16:06.810 [ INFO] [                       o.a.c.c.C.[.[.[/]:173] - Initializing Spring embedded WebApplicationContext
05-02 15:16:06.811 [ INFO] [w.s.c.ServletWebServerApplicationContext:285] - Root WebApplicationContext: initialization completed in 3093 ms
05-02 15:16:07.854 [ INFO] [                  c.z.h.HikariDataSource:110] - HikariPool-1 - Starting...
05-02 15:16:08.396 [ INFO] [                  c.z.h.HikariDataSource:123] - HikariPool-1 - Start completed.
05-02 15:16:08.405 [DEBUG] [                c.g.g.m.U.queryAllUserId:159] - ==>  Preparing: SELECT userId FROM user 
05-02 15:16:08.436 [DEBUG] [                c.g.g.m.U.queryAllUserId:159] - ==> Parameters: 
05-02 15:16:08.469 [DEBUG] [                c.g.g.m.U.queryAllUserId:159] - <==      Total: 13
05-02 15:16:08.479 [DEBUG] [                   c.g.g.m.C.queryCourse:159] - ==>  Preparing: SELECT * FROM course 
05-02 15:16:08.480 [DEBUG] [                   c.g.g.m.C.queryCourse:159] - ==> Parameters: 
05-02 15:16:08.488 [DEBUG] [                   c.g.g.m.C.queryCourse:159] - <==      Total: 4
05-02 15:16:08.491 [DEBUG] [             c.g.g.m.U.queryCourseUserId:159] - ==>  Preparing: SELECT DISTINCT u.userId FROM user u, direction d WHERE d.courseId = ? AND u.userId=d.userId 
05-02 15:16:08.492 [DEBUG] [             c.g.g.m.U.queryCourseUserId:159] - ==> Parameters: 1(Integer)
05-02 15:16:08.501 [DEBUG] [             c.g.g.m.U.queryCourseUserId:159] - <==      Total: 4
05-02 15:16:08.502 [DEBUG] [             c.g.g.m.U.queryCourseUserId:159] - ==>  Preparing: SELECT DISTINCT u.userId FROM user u, direction d WHERE d.courseId = ? AND u.userId=d.userId 
05-02 15:16:08.503 [DEBUG] [             c.g.g.m.U.queryCourseUserId:159] - ==> Parameters: 2(Integer)
05-02 15:16:08.506 [DEBUG] [             c.g.g.m.U.queryCourseUserId:159] - <==      Total: 3
05-02 15:16:08.507 [DEBUG] [             c.g.g.m.U.queryCourseUserId:159] - ==>  Preparing: SELECT DISTINCT u.userId FROM user u, direction d WHERE d.courseId = ? AND u.userId=d.userId 
05-02 15:16:08.508 [DEBUG] [             c.g.g.m.U.queryCourseUserId:159] - ==> Parameters: 3(Integer)
05-02 15:16:08.511 [DEBUG] [             c.g.g.m.U.queryCourseUserId:159] - <==      Total: 1
05-02 15:16:08.512 [DEBUG] [             c.g.g.m.U.queryCourseUserId:159] - ==>  Preparing: SELECT DISTINCT u.userId FROM user u, direction d WHERE d.courseId = ? AND u.userId=d.userId 
05-02 15:16:08.513 [DEBUG] [             c.g.g.m.U.queryCourseUserId:159] - ==> Parameters: 4(Integer)
05-02 15:16:08.517 [DEBUG] [             c.g.g.m.U.queryCourseUserId:159] - <==      Total: 0
05-02 15:16:08.977 [ INFO] [   c.g.g.c.VisibleThreadPoolTaskExecutor:181] - Initializing ExecutorService
05-02 15:16:08.980 [ INFO] [   c.g.g.c.VisibleThreadPoolTaskExecutor:181] - Initializing ExecutorService 'taskExecutor'
05-02 15:16:09.482 [ INFO] [         o.s.s.c.ThreadPoolTaskScheduler:181] - Initializing ExecutorService 'taskScheduler'
05-02 15:16:09.517 [ INFO] [               o.a.c.h.Http11NioProtocol:173] - Starting ProtocolHandler ["http-nio-80"]
05-02 15:16:09.551 [ INFO] [                       o.a.c.c.C.[.[.[/]:173] - Initializing Spring DispatcherServlet 'dispatcherServlet'
05-02 15:16:09.552 [ INFO] [               o.s.w.s.DispatcherServlet:525] - Initializing Servlet 'dispatcherServlet'
05-02 15:16:09.561 [ INFO] [               o.s.w.s.DispatcherServlet:547] - Completed initialization in 9 ms
05-02 15:16:09.562 [ INFO] [             o.s.b.w.e.t.TomcatWebServer:220] - Tomcat started on port(s): 80 (http) with context path ''
05-02 15:16:09.577 [ INFO] [             c.g.g.GeekstudioApplication: 61] - Started GeekstudioApplication in 6.754 seconds (JVM running for 8.079)
