12-07 00:16:22.812 [ INFO] [                       o.h.v.i.u.Version: 21] - HV000001: Hibernate Validator 6.1.5.Final
12-07 00:16:22.856 [ INFO] [             c.g.g.GeekstudioApplication: 55] - Starting GeekstudioApplication on DESKTOP-JFM65K6 with PID 10144 (D:\ideaProject\geekstudio\target\classes started by 王家辉 in D:\ideaProject\geekstudio)
12-07 00:16:22.859 [ INFO] [             c.g.g.GeekstudioApplication:651] - No active profile set, falling back to default profiles: default
12-07 00:16:23.323 [ INFO] [.s.d.r.c.RepositoryConfigurationDelegate:249] - Multiple Spring Data modules found, entering strict repository configuration mode!
12-07 00:16:23.329 [ INFO] [.s.d.r.c.RepositoryConfigurationDelegate:127] - Bootstrapping Spring Data Redis repositories in DEFAULT mode.
12-07 00:16:23.360 [ INFO] [.s.d.r.c.RepositoryConfigurationDelegate:187] - Finished Spring Data repository scanning in 15ms. Found 0 Redis repository interfaces.
12-07 00:16:23.700 [ INFO] [             o.s.b.w.e.t.TomcatWebServer:108] - Tomcat initialized with port(s): 8080 (http)
12-07 00:16:23.706 [ INFO] [               o.a.c.h.Http11NioProtocol:173] - Initializing ProtocolHandler ["http-nio-8080"]
12-07 00:16:23.707 [ INFO] [                 o.a.c.c.StandardService:173] - Starting service [Tomcat]
12-07 00:16:23.707 [ INFO] [                  o.a.c.c.StandardEngine:173] - Starting Servlet engine: [Apache Tomcat/9.0.38]
12-07 00:16:23.769 [ INFO] [                       o.a.c.c.C.[.[.[/]:173] - Initializing Spring embedded WebApplicationContext
12-07 00:16:23.769 [ INFO] [w.s.c.ServletWebServerApplicationContext:285] - Root WebApplicationContext: initialization completed in 868 ms
12-07 00:16:24.409 [ INFO] [         o.s.s.c.ThreadPoolTaskScheduler:181] - Initializing ExecutorService 'taskScheduler'
12-07 00:16:24.428 [ INFO] [               o.a.c.h.Http11NioProtocol:173] - Starting ProtocolHandler ["http-nio-8080"]
12-07 00:16:24.447 [ INFO] [             o.s.b.w.e.t.TomcatWebServer:220] - Tomcat started on port(s): 8080 (http) with context path ''
12-07 00:16:24.456 [ INFO] [             c.g.g.GeekstudioApplication: 61] - Started GeekstudioApplication in 1.917 seconds (JVM running for 3.848)
12-07 00:18:29.683 [ INFO] [                       o.a.c.c.C.[.[.[/]:173] - Initializing Spring DispatcherServlet 'dispatcherServlet'
12-07 00:18:29.683 [ INFO] [               o.s.w.s.DispatcherServlet:525] - Initializing Servlet 'dispatcherServlet'
12-07 00:18:29.690 [ INFO] [               o.s.w.s.DispatcherServlet:547] - Completed initialization in 7 ms
12-07 00:18:29.850 [ INFO] [              c.g.g.s.p.UserServiceProxy: 41] - 向用户发送邮件：userId:201922277,mail:wangjiahui20011014@163.com,codeType:1
12-07 00:18:29.858 [ INFO] [                  c.z.h.HikariDataSource:110] - HikariPool-1 - Starting...
12-07 00:18:30.154 [ INFO] [                  c.z.h.HikariDataSource:123] - HikariPool-1 - Start completed.
12-07 00:19:16.160 [ INFO] [              c.g.g.s.p.UserServiceProxy: 41] - 向用户发送邮件：userId:201922277,mail:wangjiahui20011014@163.com,codeType:2
12-07 00:19:16.183 [ INFO] [           c.g.g.s.i.JavaMailServiceImpl: 39] - 用户201922277:已经发送过验证码将删除第一次的验证码808598
12-07 00:37:14.512 [ INFO] [                       o.h.v.i.u.Version: 21] - HV000001: Hibernate Validator 6.1.5.Final
12-07 00:37:14.547 [ INFO] [             c.g.g.GeekstudioApplication: 55] - Starting GeekstudioApplication on DESKTOP-JFM65K6 with PID 3816 (D:\ideaProject\geekstudio\target\classes started by 王家辉 in D:\ideaProject\geekstudio)
12-07 00:37:14.549 [ INFO] [             c.g.g.GeekstudioApplication:651] - No active profile set, falling back to default profiles: default
12-07 00:37:15.022 [ INFO] [.s.d.r.c.RepositoryConfigurationDelegate:249] - Multiple Spring Data modules found, entering strict repository configuration mode!
12-07 00:37:15.029 [ INFO] [.s.d.r.c.RepositoryConfigurationDelegate:127] - Bootstrapping Spring Data Redis repositories in DEFAULT mode.
12-07 00:37:15.061 [ INFO] [.s.d.r.c.RepositoryConfigurationDelegate:187] - Finished Spring Data repository scanning in 16ms. Found 0 Redis repository interfaces.
12-07 00:37:15.380 [ INFO] [             o.s.b.w.e.t.TomcatWebServer:108] - Tomcat initialized with port(s): 8080 (http)
12-07 00:37:15.386 [ INFO] [               o.a.c.h.Http11NioProtocol:173] - Initializing ProtocolHandler ["http-nio-8080"]
12-07 00:37:15.387 [ INFO] [                 o.a.c.c.StandardService:173] - Starting service [Tomcat]
12-07 00:37:15.387 [ INFO] [                  o.a.c.c.StandardEngine:173] - Starting Servlet engine: [Apache Tomcat/9.0.38]
12-07 00:37:15.450 [ INFO] [                       o.a.c.c.C.[.[.[/]:173] - Initializing Spring embedded WebApplicationContext
12-07 00:37:15.450 [ INFO] [w.s.c.ServletWebServerApplicationContext:285] - Root WebApplicationContext: initialization completed in 854 ms
12-07 00:37:16.116 [ INFO] [         o.s.s.c.ThreadPoolTaskScheduler:181] - Initializing ExecutorService 'taskScheduler'
12-07 00:37:16.134 [ INFO] [               o.a.c.h.Http11NioProtocol:173] - Starting ProtocolHandler ["http-nio-8080"]
12-07 00:37:16.152 [ INFO] [             o.s.b.w.e.t.TomcatWebServer:220] - Tomcat started on port(s): 8080 (http) with context path ''
12-07 00:37:16.161 [ INFO] [             c.g.g.GeekstudioApplication: 61] - Started GeekstudioApplication in 1.906 seconds (JVM running for 3.686)
12-07 00:38:01.141 [ INFO] [                       o.a.c.c.C.[.[.[/]:173] - Initializing Spring DispatcherServlet 'dispatcherServlet'
12-07 00:38:01.142 [ INFO] [               o.s.w.s.DispatcherServlet:525] - Initializing Servlet 'dispatcherServlet'
12-07 00:38:01.149 [ INFO] [               o.s.w.s.DispatcherServlet:547] - Completed initialization in 7 ms
12-07 00:38:01.314 [ INFO] [              c.g.g.s.p.UserServiceProxy: 41] - 向用户发送邮件：userId:201922222,mail:wangjiahui20011014@163.com,codeType:2
12-07 00:38:01.321 [ INFO] [                  c.z.h.HikariDataSource:110] - HikariPool-1 - Starting...
12-07 00:38:01.563 [ INFO] [                  c.z.h.HikariDataSource:123] - HikariPool-1 - Start completed.
12-07 00:40:14.342 [DEBUG] [  c.g.g.m.U.queryUserByUserIdAndPassword:159] - ==>  Preparing: SELECT * FROM user WHERE userId=? AND password=? 
12-07 00:40:14.362 [DEBUG] [  c.g.g.m.U.queryUserByUserIdAndPassword:159] - ==> Parameters: 201922222(String), null
12-07 00:40:14.384 [DEBUG] [  c.g.g.m.U.queryUserByUserIdAndPassword:159] - <==      Total: 0
12-07 00:40:40.377 [ INFO] [              c.g.g.s.p.UserServiceProxy: 84] - 用户忘记密码校验：userId:201922222, 新密码newPassword:996633, 验证码code:401055
12-07 00:40:40.398 [DEBUG] [                c.g.g.m.U.updatePassword:159] - ==>  Preparing: UPDATE user SET password=? WHERE userId=? 
12-07 00:40:40.399 [DEBUG] [                c.g.g.m.U.updatePassword:159] - ==> Parameters: 996633(String), 201922222(String)
12-07 00:40:40.404 [DEBUG] [                c.g.g.m.U.updatePassword:159] - <==    Updates: 1
12-07 00:42:12.654 [ INFO] [              c.g.g.s.p.UserServiceProxy: 84] - 用户忘记密码校验：userId:201922222, 新密码newPassword:996634, 验证码code:401065
12-07 00:42:19.753 [ INFO] [              c.g.g.s.p.UserServiceProxy: 84] - 用户忘记密码校验：userId:201922222, 新密码newPassword:996634, 验证码code:
12-07 00:42:52.171 [ INFO] [              c.g.g.s.p.UserServiceProxy: 84] - 用户忘记密码校验：userId:201922222, 新密码newPassword:996634, 验证码code:null
12-07 00:42:52.188 [ERROR] [     o.a.c.c.C.[.[.[.[dispatcherServlet]:175] - Servlet.service() for servlet [dispatcherServlet] in context with path [] threw exception [Request processing failed; nested exception is java.lang.NullPointerException] with root cause
java.lang.NullPointerException: null
	at com.geek.geekstudio.service.impl.UserServiceImpl.findBackPassword(UserServiceImpl.java:192) ~[classes/:?]
	at com.geek.geekstudio.service.impl.UserServiceImpl$$FastClassBySpringCGLIB$$9d2d7d4c.invoke(<generated>) ~[classes/:?]
	at org.springframework.cglib.proxy.MethodProxy.invoke(MethodProxy.java:218) ~[spring-core-5.2.9.RELEASE.jar:5.2.9.RELEASE]
	at org.springframework.aop.framework.CglibAopProxy$CglibMethodInvocation.invokeJoinpoint(CglibAopProxy.java:771) ~[spring-aop-5.2.9.RELEASE.jar:5.2.9.RELEASE]
	at org.springframework.aop.framework.ReflectiveMethodInvocation.proceed(ReflectiveMethodInvocation.java:163) ~[spring-aop-5.2.9.RELEASE.jar:5.2.9.RELEASE]
	at org.springframework.aop.framework.CglibAopProxy$CglibMethodInvocation.proceed(CglibAopProxy.java:749) ~[spring-aop-5.2.9.RELEASE.jar:5.2.9.RELEASE]
	at org.springframework.transaction.interceptor.TransactionAspectSupport.invokeWithinTransaction(TransactionAspectSupport.java:367) ~[spring-tx-5.2.9.RELEASE.jar:5.2.9.RELEASE]
	at org.springframework.transaction.interceptor.TransactionInterceptor.invoke(TransactionInterceptor.java:118) ~[spring-tx-5.2.9.RELEASE.jar:5.2.9.RELEASE]
	at org.springframework.aop.framework.ReflectiveMethodInvocation.proceed(ReflectiveMethodInvocation.java:186) ~[spring-aop-5.2.9.RELEASE.jar:5.2.9.RELEASE]
	at org.springframework.aop.framework.CglibAopProxy$CglibMethodInvocation.proceed(CglibAopProxy.java:749) ~[spring-aop-5.2.9.RELEASE.jar:5.2.9.RELEASE]
	at org.springframework.aop.framework.CglibAopProxy$DynamicAdvisedInterceptor.intercept(CglibAopProxy.java:691) ~[spring-aop-5.2.9.RELEASE.jar:5.2.9.RELEASE]
	at com.geek.geekstudio.service.impl.UserServiceImpl$$EnhancerBySpringCGLIB$$3db5f21d.findBackPassword(<generated>) ~[classes/:?]
	at com.geek.geekstudio.service.proxy.UserServiceProxy.findBackPassword(UserServiceProxy.java:85) ~[classes/:?]
	at com.geek.geekstudio.controller.UserController.findBackPassword(UserController.java:149) ~[classes/:?]
	at com.geek.geekstudio.controller.UserController$$FastClassBySpringCGLIB$$4e8617e2.invoke(<generated>) ~[classes/:?]
	at org.springframework.cglib.proxy.MethodProxy.invoke(MethodProxy.java:218) ~[spring-core-5.2.9.RELEASE.jar:5.2.9.RELEASE]
	at org.springframework.aop.framework.CglibAopProxy$CglibMethodInvocation.invokeJoinpoint(CglibAopProxy.java:771) ~[spring-aop-5.2.9.RELEASE.jar:5.2.9.RELEASE]
	at org.springframework.aop.framework.ReflectiveMethodInvocation.proceed(ReflectiveMethodInvocation.java:163) ~[spring-aop-5.2.9.RELEASE.jar:5.2.9.RELEASE]
	at org.springframework.aop.framework.CglibAopProxy$CglibMethodInvocation.proceed(CglibAopProxy.java:749) ~[spring-aop-5.2.9.RELEASE.jar:5.2.9.RELEASE]
	at org.springframework.validation.beanvalidation.MethodValidationInterceptor.invoke(MethodValidationInterceptor.java:119) ~[spring-context-5.2.9.RELEASE.jar:5.2.9.RELEASE]
	at org.springframework.aop.framework.ReflectiveMethodInvocation.proceed(ReflectiveMethodInvocation.java:186) ~[spring-aop-5.2.9.RELEASE.jar:5.2.9.RELEASE]
	at org.springframework.aop.framework.CglibAopProxy$CglibMethodInvocation.proceed(CglibAopProxy.java:749) ~[spring-aop-5.2.9.RELEASE.jar:5.2.9.RELEASE]
	at org.springframework.aop.framework.CglibAopProxy$DynamicAdvisedInterceptor.intercept(CglibAopProxy.java:691) ~[spring-aop-5.2.9.RELEASE.jar:5.2.9.RELEASE]
	at com.geek.geekstudio.controller.UserController$$EnhancerBySpringCGLIB$$166cd839.findBackPassword(<generated>) ~[classes/:?]
	at jdk.internal.reflect.NativeMethodAccessorImpl.invoke0(Native Method) ~[?:?]
	at jdk.internal.reflect.NativeMethodAccessorImpl.invoke(NativeMethodAccessorImpl.java:62) ~[?:?]
	at jdk.internal.reflect.DelegatingMethodAccessorImpl.invoke(DelegatingMethodAccessorImpl.java:43) ~[?:?]
	at java.lang.reflect.Method.invoke(Method.java:566) ~[?:?]
	at org.springframework.web.method.support.InvocableHandlerMethod.doInvoke(InvocableHandlerMethod.java:190) ~[spring-web-5.2.9.RELEASE.jar:5.2.9.RELEASE]
	at org.springframework.web.method.support.InvocableHandlerMethod.invokeForRequest(InvocableHandlerMethod.java:138) ~[spring-web-5.2.9.RELEASE.jar:5.2.9.RELEASE]
	at org.springframework.web.servlet.mvc.method.annotation.ServletInvocableHandlerMethod.invokeAndHandle(ServletInvocableHandlerMethod.java:105) ~[spring-webmvc-5.2.9.RELEASE.jar:5.2.9.RELEASE]
	at org.springframework.web.servlet.mvc.method.annotation.RequestMappingHandlerAdapter.invokeHandlerMethod(RequestMappingHandlerAdapter.java:878) ~[spring-webmvc-5.2.9.RELEASE.jar:5.2.9.RELEASE]
	at org.springframework.web.servlet.mvc.method.annotation.RequestMappingHandlerAdapter.handleInternal(RequestMappingHandlerAdapter.java:792) ~[spring-webmvc-5.2.9.RELEASE.jar:5.2.9.RELEASE]
	at org.springframework.web.servlet.mvc.method.AbstractHandlerMethodAdapter.handle(AbstractHandlerMethodAdapter.java:87) ~[spring-webmvc-5.2.9.RELEASE.jar:5.2.9.RELEASE]
	at org.springframework.web.servlet.DispatcherServlet.doDispatch(DispatcherServlet.java:1040) ~[spring-webmvc-5.2.9.RELEASE.jar:5.2.9.RELEASE]
	at org.springframework.web.servlet.DispatcherServlet.doService(DispatcherServlet.java:943) ~[spring-webmvc-5.2.9.RELEASE.jar:5.2.9.RELEASE]
	at org.springframework.web.servlet.FrameworkServlet.processRequest(FrameworkServlet.java:1006) ~[spring-webmvc-5.2.9.RELEASE.jar:5.2.9.RELEASE]
	at org.springframework.web.servlet.FrameworkServlet.doPost(FrameworkServlet.java:909) ~[spring-webmvc-5.2.9.RELEASE.jar:5.2.9.RELEASE]
	at javax.servlet.http.HttpServlet.service(HttpServlet.java:652) ~[tomcat-embed-core-9.0.38.jar:4.0.FR]
	at org.springframework.web.servlet.FrameworkServlet.service(FrameworkServlet.java:883) ~[spring-webmvc-5.2.9.RELEASE.jar:5.2.9.RELEASE]
	at javax.servlet.http.HttpServlet.service(HttpServlet.java:733) ~[tomcat-embed-core-9.0.38.jar:4.0.FR]
	at org.apache.catalina.core.ApplicationFilterChain.internalDoFilter(ApplicationFilterChain.java:231) ~[tomcat-embed-core-9.0.38.jar:9.0.38]
	at org.apache.catalina.core.ApplicationFilterChain.doFilter(ApplicationFilterChain.java:166) ~[tomcat-embed-core-9.0.38.jar:9.0.38]
	at org.apache.tomcat.websocket.server.WsFilter.doFilter(WsFilter.java:53) ~[tomcat-embed-websocket-9.0.38.jar:9.0.38]
	at org.apache.catalina.core.ApplicationFilterChain.internalDoFilter(ApplicationFilterChain.java:193) ~[tomcat-embed-core-9.0.38.jar:9.0.38]
	at org.apache.catalina.core.ApplicationFilterChain.doFilter(ApplicationFilterChain.java:166) ~[tomcat-embed-core-9.0.38.jar:9.0.38]
	at com.geek.geekstudio.filter.Filter0_EncodingFilter.doFilter(Filter0_EncodingFilter.java:32) ~[classes/:?]
	at org.apache.catalina.core.ApplicationFilterChain.internalDoFilter(ApplicationFilterChain.java:193) ~[tomcat-embed-core-9.0.38.jar:9.0.38]
	at org.apache.catalina.core.ApplicationFilterChain.doFilter(ApplicationFilterChain.java:166) ~[tomcat-embed-core-9.0.38.jar:9.0.38]
	at org.springframework.web.filter.CharacterEncodingFilter.doFilterInternal(CharacterEncodingFilter.java:201) ~[spring-web-5.2.9.RELEASE.jar:5.2.9.RELEASE]
	at org.springframework.web.filter.OncePerRequestFilter.doFilter(OncePerRequestFilter.java:119) ~[spring-web-5.2.9.RELEASE.jar:5.2.9.RELEASE]
	at org.apache.catalina.core.ApplicationFilterChain.internalDoFilter(ApplicationFilterChain.java:193) ~[tomcat-embed-core-9.0.38.jar:9.0.38]
	at org.apache.catalina.core.ApplicationFilterChain.doFilter(ApplicationFilterChain.java:166) ~[tomcat-embed-core-9.0.38.jar:9.0.38]
	at org.apache.catalina.core.StandardWrapperValve.invoke(StandardWrapperValve.java:202) [tomcat-embed-core-9.0.38.jar:9.0.38]
	at org.apache.catalina.core.StandardContextValve.invoke(StandardContextValve.java:97) [tomcat-embed-core-9.0.38.jar:9.0.38]
	at org.apache.catalina.authenticator.AuthenticatorBase.invoke(AuthenticatorBase.java:541) [tomcat-embed-core-9.0.38.jar:9.0.38]
	at org.apache.catalina.core.StandardHostValve.invoke(StandardHostValve.java:143) [tomcat-embed-core-9.0.38.jar:9.0.38]
	at org.apache.catalina.valves.ErrorReportValve.invoke(ErrorReportValve.java:92) [tomcat-embed-core-9.0.38.jar:9.0.38]
	at org.apache.catalina.core.StandardEngineValve.invoke(StandardEngineValve.java:78) [tomcat-embed-core-9.0.38.jar:9.0.38]
	at org.apache.catalina.connector.CoyoteAdapter.service(CoyoteAdapter.java:343) [tomcat-embed-core-9.0.38.jar:9.0.38]
	at org.apache.coyote.http11.Http11Processor.service(Http11Processor.java:374) [tomcat-embed-core-9.0.38.jar:9.0.38]
	at org.apache.coyote.AbstractProcessorLight.process(AbstractProcessorLight.java:65) [tomcat-embed-core-9.0.38.jar:9.0.38]
	at org.apache.coyote.AbstractProtocol$ConnectionHandler.process(AbstractProtocol.java:868) [tomcat-embed-core-9.0.38.jar:9.0.38]
	at org.apache.tomcat.util.net.NioEndpoint$SocketProcessor.doRun(NioEndpoint.java:1590) [tomcat-embed-core-9.0.38.jar:9.0.38]
	at org.apache.tomcat.util.net.SocketProcessorBase.run(SocketProcessorBase.java:49) [tomcat-embed-core-9.0.38.jar:9.0.38]
	at java.util.concurrent.ThreadPoolExecutor.runWorker(ThreadPoolExecutor.java:1128) [?:?]
	at java.util.concurrent.ThreadPoolExecutor$Worker.run(ThreadPoolExecutor.java:628) [?:?]
	at org.apache.tomcat.util.threads.TaskThread$WrappingRunnable.run(TaskThread.java:61) [tomcat-embed-core-9.0.38.jar:9.0.38]
	at java.lang.Thread.run(Thread.java:834) [?:?]
12-07 22:11:27.848 [ INFO] [                       o.h.v.i.u.Version: 21] - HV000001: Hibernate Validator 6.1.5.Final
12-07 22:11:27.924 [ INFO] [             c.g.g.GeekstudioApplication: 55] - Starting GeekstudioApplication on DESKTOP-JFM65K6 with PID 11736 (D:\ideaProject\geekstudio\target\classes started by 王家辉 in D:\ideaProject\geekstudio)
12-07 22:11:27.926 [ INFO] [             c.g.g.GeekstudioApplication:651] - No active profile set, falling back to default profiles: default
12-07 22:11:28.903 [ INFO] [.s.d.r.c.RepositoryConfigurationDelegate:249] - Multiple Spring Data modules found, entering strict repository configuration mode!
12-07 22:11:28.914 [ INFO] [.s.d.r.c.RepositoryConfigurationDelegate:127] - Bootstrapping Spring Data Redis repositories in DEFAULT mode.
12-07 22:11:28.966 [ INFO] [.s.d.r.c.RepositoryConfigurationDelegate:187] - Finished Spring Data repository scanning in 25ms. Found 0 Redis repository interfaces.
12-07 22:11:29.660 [ INFO] [             o.s.b.w.e.t.TomcatWebServer:108] - Tomcat initialized with port(s): 8080 (http)
12-07 22:11:29.669 [ INFO] [               o.a.c.h.Http11NioProtocol:173] - Initializing ProtocolHandler ["http-nio-8080"]
12-07 22:11:29.671 [ INFO] [                 o.a.c.c.StandardService:173] - Starting service [Tomcat]
12-07 22:11:29.672 [ INFO] [                  o.a.c.c.StandardEngine:173] - Starting Servlet engine: [Apache Tomcat/9.0.38]
12-07 22:11:29.793 [ INFO] [                       o.a.c.c.C.[.[.[/]:173] - Initializing Spring embedded WebApplicationContext
12-07 22:11:29.794 [ INFO] [w.s.c.ServletWebServerApplicationContext:285] - Root WebApplicationContext: initialization completed in 1785 ms
12-07 22:11:31.137 [ INFO] [         o.s.s.c.ThreadPoolTaskScheduler:181] - Initializing ExecutorService 'taskScheduler'
12-07 22:11:31.174 [ INFO] [               o.a.c.h.Http11NioProtocol:173] - Starting ProtocolHandler ["http-nio-8080"]
12-07 22:11:31.204 [ INFO] [             o.s.b.w.e.t.TomcatWebServer:220] - Tomcat started on port(s): 8080 (http) with context path ''
12-07 22:11:31.222 [ INFO] [             c.g.g.GeekstudioApplication: 61] - Started GeekstudioApplication in 3.908 seconds (JVM running for 6.696)
12-07 22:14:01.110 [ INFO] [                       o.a.c.c.C.[.[.[/]:173] - Initializing Spring DispatcherServlet 'dispatcherServlet'
12-07 22:14:01.111 [ INFO] [               o.s.w.s.DispatcherServlet:525] - Initializing Servlet 'dispatcherServlet'
12-07 22:14:01.118 [ INFO] [               o.s.w.s.DispatcherServlet:547] - Completed initialization in 7 ms
12-07 22:14:01.272 [ INFO] [                  c.z.h.HikariDataSource:110] - HikariPool-1 - Starting...
12-07 22:14:01.632 [ INFO] [                  c.z.h.HikariDataSource:123] - HikariPool-1 - Start completed.
12-07 22:14:01.641 [DEBUG] [             c.g.g.m.U.queryUserByUserId:159] - ==>  Preparing: SELECT * FROM user WHERE userId=? 
12-07 22:14:01.671 [DEBUG] [             c.g.g.m.U.queryUserByUserId:159] - ==> Parameters: 201922222(String)
12-07 22:14:01.698 [DEBUG] [             c.g.g.m.U.queryUserByUserId:159] - <==      Total: 1
12-07 22:14:09.635 [DEBUG] [             c.g.g.m.U.queryUserByUserId:159] - ==>  Preparing: SELECT * FROM user WHERE userId=? 
12-07 22:14:09.636 [DEBUG] [             c.g.g.m.U.queryUserByUserId:159] - ==> Parameters: 201922225(String)
12-07 22:14:09.639 [DEBUG] [             c.g.g.m.U.queryUserByUserId:159] - <==      Total: 0
12-07 22:14:15.524 [DEBUG] [             c.g.g.m.U.queryUserByUserId:159] - ==>  Preparing: SELECT * FROM user WHERE userId=? 
12-07 22:14:15.526 [DEBUG] [             c.g.g.m.U.queryUserByUserId:159] - ==> Parameters: 201922225(String)
12-07 22:14:15.531 [DEBUG] [             c.g.g.m.U.queryUserByUserId:159] - <==      Total: 0
12-07 22:14:20.559 [DEBUG] [             c.g.g.m.U.queryUserByUserId:159] - ==>  Preparing: SELECT * FROM user WHERE userId=? 
12-07 22:14:20.560 [DEBUG] [             c.g.g.m.U.queryUserByUserId:159] - ==> Parameters: 201922222(String)
12-07 22:14:20.566 [DEBUG] [             c.g.g.m.U.queryUserByUserId:159] - <==      Total: 1
