12-04 00:13:45.792 [ INFO] [                       o.h.v.i.u.Version: 21] - HV000001: Hibernate Validator 6.1.5.Final
12-04 00:13:45.887 [ INFO] [             c.g.g.GeekstudioApplication: 55] - Starting GeekstudioApplication on DESKTOP-JFM65K6 with PID 16772 (D:\ideaProject\geekstudio\target\classes started by 王家辉 in D:\ideaProject\geekstudio)
12-04 00:13:45.889 [ INFO] [             c.g.g.GeekstudioApplication:651] - No active profile set, falling back to default profiles: default
12-04 00:13:46.653 [ INFO] [.s.d.r.c.RepositoryConfigurationDelegate:249] - Multiple Spring Data modules found, entering strict repository configuration mode!
12-04 00:13:46.661 [ INFO] [.s.d.r.c.RepositoryConfigurationDelegate:127] - Bootstrapping Spring Data Redis repositories in DEFAULT mode.
12-04 00:13:46.700 [ INFO] [.s.d.r.c.RepositoryConfigurationDelegate:187] - Finished Spring Data repository scanning in 28ms. Found 0 Redis repository interfaces.
12-04 00:13:47.257 [ INFO] [             o.s.b.w.e.t.TomcatWebServer:108] - Tomcat initialized with port(s): 8080 (http)
12-04 00:13:47.266 [ INFO] [               o.a.c.h.Http11NioProtocol:173] - Initializing ProtocolHandler ["http-nio-8080"]
12-04 00:13:47.266 [ INFO] [                 o.a.c.c.StandardService:173] - Starting service [Tomcat]
12-04 00:13:47.267 [ INFO] [                  o.a.c.c.StandardEngine:173] - Starting Servlet engine: [Apache Tomcat/9.0.38]
12-04 00:13:47.355 [ INFO] [                       o.a.c.c.C.[.[.[/]:173] - Initializing Spring embedded WebApplicationContext
12-04 00:13:47.355 [ INFO] [w.s.c.ServletWebServerApplicationContext:285] - Root WebApplicationContext: initialization completed in 1372 ms
12-04 00:13:48.204 [ INFO] [         o.s.s.c.ThreadPoolTaskScheduler:181] - Initializing ExecutorService 'taskScheduler'
12-04 00:13:48.233 [ INFO] [               o.a.c.h.Http11NioProtocol:173] - Starting ProtocolHandler ["http-nio-8080"]
12-04 00:13:48.258 [ INFO] [             o.s.b.w.e.t.TomcatWebServer:220] - Tomcat started on port(s): 8080 (http) with context path ''
12-04 00:13:48.272 [ INFO] [             c.g.g.GeekstudioApplication: 61] - Started GeekstudioApplication in 2.901 seconds (JVM running for 5.691)
12-04 00:15:03.518 [ INFO] [                       o.a.c.c.C.[.[.[/]:173] - Initializing Spring DispatcherServlet 'dispatcherServlet'
12-04 00:15:03.519 [ INFO] [               o.s.w.s.DispatcherServlet:525] - Initializing Servlet 'dispatcherServlet'
12-04 00:15:03.526 [ INFO] [               o.s.w.s.DispatcherServlet:547] - Completed initialization in 7 ms
12-04 00:15:03.621 [ INFO] [              c.g.g.s.p.UserServiceProxy: 47] - 用户登录：userId:2019211300, password:2222
12-04 00:15:03.654 [ INFO] [                  c.z.h.HikariDataSource:110] - HikariPool-1 - Starting...
12-04 00:15:03.966 [ INFO] [                  c.z.h.HikariDataSource:123] - HikariPool-1 - Start completed.
12-04 00:15:03.972 [DEBUG] [  c.g.g.m.U.queryUserByUserIdAndPassword:159] - ==>  Preparing: SELECT * FROM user WHERE userId=? AND password=? 
12-04 00:15:03.992 [DEBUG] [  c.g.g.m.U.queryUserByUserIdAndPassword:159] - ==> Parameters: 2019211300(String), 2222(String)
12-04 00:15:04.012 [DEBUG] [  c.g.g.m.U.queryUserByUserIdAndPassword:159] - <==      Total: 1
12-04 15:57:01.987 [ INFO] [                       o.h.v.i.u.Version: 21] - HV000001: Hibernate Validator 6.1.5.Final
12-04 15:57:02.025 [ INFO] [             c.g.g.GeekstudioApplication: 55] - Starting GeekstudioApplication on DESKTOP-JFM65K6 with PID 3484 (D:\ideaProject\geekstudio\target\classes started by 王家辉 in D:\ideaProject\geekstudio)
12-04 15:57:02.026 [ INFO] [             c.g.g.GeekstudioApplication:651] - No active profile set, falling back to default profiles: default
12-04 15:57:02.523 [ INFO] [.s.d.r.c.RepositoryConfigurationDelegate:249] - Multiple Spring Data modules found, entering strict repository configuration mode!
12-04 15:57:02.530 [ INFO] [.s.d.r.c.RepositoryConfigurationDelegate:127] - Bootstrapping Spring Data Redis repositories in DEFAULT mode.
12-04 15:57:02.556 [ INFO] [.s.d.r.c.RepositoryConfigurationDelegate:187] - Finished Spring Data repository scanning in 15ms. Found 0 Redis repository interfaces.
12-04 15:57:02.925 [ INFO] [             o.s.b.w.e.t.TomcatWebServer:108] - Tomcat initialized with port(s): 8080 (http)
12-04 15:57:02.932 [ INFO] [               o.a.c.h.Http11NioProtocol:173] - Initializing ProtocolHandler ["http-nio-8080"]
12-04 15:57:02.933 [ INFO] [                 o.a.c.c.StandardService:173] - Starting service [Tomcat]
12-04 15:57:02.933 [ INFO] [                  o.a.c.c.StandardEngine:173] - Starting Servlet engine: [Apache Tomcat/9.0.38]
12-04 15:57:02.999 [ INFO] [                       o.a.c.c.C.[.[.[/]:173] - Initializing Spring embedded WebApplicationContext
12-04 15:57:02.999 [ INFO] [w.s.c.ServletWebServerApplicationContext:285] - Root WebApplicationContext: initialization completed in 933 ms
12-04 15:57:03.653 [ INFO] [         o.s.s.c.ThreadPoolTaskScheduler:181] - Initializing ExecutorService 'taskScheduler'
12-04 15:57:03.672 [ INFO] [               o.a.c.h.Http11NioProtocol:173] - Starting ProtocolHandler ["http-nio-8080"]
12-04 15:57:03.691 [ INFO] [             o.s.b.w.e.t.TomcatWebServer:220] - Tomcat started on port(s): 8080 (http) with context path ''
12-04 15:57:03.700 [ INFO] [             c.g.g.GeekstudioApplication: 61] - Started GeekstudioApplication in 1.962 seconds (JVM running for 4.054)
12-04 15:57:21.424 [ INFO] [                       o.a.c.c.C.[.[.[/]:173] - Initializing Spring DispatcherServlet 'dispatcherServlet'
12-04 15:57:21.424 [ INFO] [               o.s.w.s.DispatcherServlet:525] - Initializing Servlet 'dispatcherServlet'
12-04 15:57:21.431 [ INFO] [               o.s.w.s.DispatcherServlet:547] - Completed initialization in 7 ms
12-04 15:57:21.520 [ INFO] [              c.g.g.s.p.UserServiceProxy: 47] - 用户登录：userId:superAdmin, password:123456
12-04 15:57:21.534 [ INFO] [                  c.z.h.HikariDataSource:110] - HikariPool-1 - Starting...
12-04 15:57:21.860 [ INFO] [                  c.z.h.HikariDataSource:123] - HikariPool-1 - Start completed.
12-04 15:57:21.868 [DEBUG] [  c.g.g.m.U.queryUserByUserIdAndPassword:159] - ==>  Preparing: SELECT * FROM user WHERE userId=? AND password=? 
12-04 15:57:21.884 [DEBUG] [  c.g.g.m.U.queryUserByUserIdAndPassword:159] - ==> Parameters: superAdmin(String), 123456(String)
12-04 15:57:21.900 [DEBUG] [  c.g.g.m.U.queryUserByUserIdAndPassword:159] - <==      Total: 0
12-04 15:57:21.904 [DEBUG] [ c.g.g.m.A.queryAdminByUserIdAndPassword:159] - ==>  Preparing: SELECT * FROM admin WHERE adminId=? AND password=? 
12-04 15:57:21.905 [DEBUG] [ c.g.g.m.A.queryAdminByUserIdAndPassword:159] - ==> Parameters: superAdmin(String), 123456(String)
12-04 15:57:21.907 [DEBUG] [ c.g.g.m.A.queryAdminByUserIdAndPassword:159] - <==      Total: 1
12-04 15:59:24.373 [ERROR] [     o.a.c.c.C.[.[.[.[dispatcherServlet]:175] - Servlet.service() for servlet [dispatcherServlet] in context with path [] threw exception [Request processing failed; nested exception is io.jsonwebtoken.SignatureException: JWT signature does not match locally computed signature. JWT validity cannot be asserted and should not be trusted.] with root cause
io.jsonwebtoken.SignatureException: JWT signature does not match locally computed signature. JWT validity cannot be asserted and should not be trusted.
	at io.jsonwebtoken.impl.DefaultJwtParser.parse(DefaultJwtParser.java:354) ~[jjwt-0.7.0.jar:0.7.0]
	at io.jsonwebtoken.impl.DefaultJwtParser.parse(DefaultJwtParser.java:481) ~[jjwt-0.7.0.jar:0.7.0]
	at io.jsonwebtoken.impl.DefaultJwtParser.parseClaimsJws(DefaultJwtParser.java:541) ~[jjwt-0.7.0.jar:0.7.0]
	at com.geek.geekstudio.util.TokenUtil.parseJWT(TokenUtil.java:67) ~[classes/:?]
	at com.geek.geekstudio.interceptor.AuthenticationInterceptor.preHandle(AuthenticationInterceptor.java:55) ~[classes/:?]
	at org.springframework.web.servlet.HandlerExecutionChain.applyPreHandle(HandlerExecutionChain.java:151) ~[spring-webmvc-5.2.9.RELEASE.jar:5.2.9.RELEASE]
	at org.springframework.web.servlet.DispatcherServlet.doDispatch(DispatcherServlet.java:1035) ~[spring-webmvc-5.2.9.RELEASE.jar:5.2.9.RELEASE]
	at org.springframework.web.servlet.DispatcherServlet.doService(DispatcherServlet.java:943) ~[spring-webmvc-5.2.9.RELEASE.jar:5.2.9.RELEASE]
	at org.springframework.web.servlet.FrameworkServlet.processRequest(FrameworkServlet.java:1006) ~[spring-webmvc-5.2.9.RELEASE.jar:5.2.9.RELEASE]
	at org.springframework.web.servlet.FrameworkServlet.doPost(FrameworkServlet.java:909) ~[spring-webmvc-5.2.9.RELEASE.jar:5.2.9.RELEASE]
	at javax.servlet.http.HttpServlet.service(HttpServlet.java:652) ~[tomcat-embed-core-9.0.38.jar:4.0.FR]
	at org.springframework.web.servlet.FrameworkServlet.service(FrameworkServlet.java:883) ~[spring-webmvc-5.2.9.RELEASE.jar:5.2.9.RELEASE]
	at javax.servlet.http.HttpServlet.service(HttpServlet.java:733) ~[tomcat-embed-core-9.0.38.jar:4.0.FR]
	at org.apache.catalina.core.ApplicationFilterChain.internalDoFilter(ApplicationFilterChain.java:231) ~[tomcat-embed-core-9.0.38.jar:9.0.38]
	at org.apache.catalina.core.ApplicationFilterChain.doFilter(ApplicationFilterChain.java:166) ~[tomcat-embed-core-9.0.38.jar:9.0.38]
	at org.apache.tomcat.websocket.server.WsFilter.doFilter(WsFilter.java:53) ~[tomcat-embed-websocket-9.0.38.jar:9.0.38]
	at org.apache.catalina.core.ApplicationFilterChain.internalDoFilter(ApplicationFilterChain.java:193) ~[tomcat-embed-core-9.0.38.jar:9.0.38]
	at org.apache.catalina.core.ApplicationFilterChain.doFilter(ApplicationFilterChain.java:166) ~[tomcat-embed-core-9.0.38.jar:9.0.38]
	at com.geek.geekstudio.filter.Filter0_EncodingFilter.doFilter(Filter0_EncodingFilter.java:32) ~[classes/:?]
	at org.apache.catalina.core.ApplicationFilterChain.internalDoFilter(ApplicationFilterChain.java:193) ~[tomcat-embed-core-9.0.38.jar:9.0.38]
	at org.apache.catalina.core.ApplicationFilterChain.doFilter(ApplicationFilterChain.java:166) ~[tomcat-embed-core-9.0.38.jar:9.0.38]
	at org.springframework.web.filter.CharacterEncodingFilter.doFilterInternal(CharacterEncodingFilter.java:201) ~[spring-web-5.2.9.RELEASE.jar:5.2.9.RELEASE]
	at org.springframework.web.filter.OncePerRequestFilter.doFilter(OncePerRequestFilter.java:119) ~[spring-web-5.2.9.RELEASE.jar:5.2.9.RELEASE]
	at org.apache.catalina.core.ApplicationFilterChain.internalDoFilter(ApplicationFilterChain.java:193) ~[tomcat-embed-core-9.0.38.jar:9.0.38]
	at org.apache.catalina.core.ApplicationFilterChain.doFilter(ApplicationFilterChain.java:166) ~[tomcat-embed-core-9.0.38.jar:9.0.38]
	at org.apache.catalina.core.StandardWrapperValve.invoke(StandardWrapperValve.java:202) [tomcat-embed-core-9.0.38.jar:9.0.38]
	at org.apache.catalina.core.StandardContextValve.invoke(StandardContextValve.java:97) [tomcat-embed-core-9.0.38.jar:9.0.38]
	at org.apache.catalina.authenticator.AuthenticatorBase.invoke(AuthenticatorBase.java:541) [tomcat-embed-core-9.0.38.jar:9.0.38]
	at org.apache.catalina.core.StandardHostValve.invoke(StandardHostValve.java:143) [tomcat-embed-core-9.0.38.jar:9.0.38]
	at org.apache.catalina.valves.ErrorReportValve.invoke(ErrorReportValve.java:92) [tomcat-embed-core-9.0.38.jar:9.0.38]
	at org.apache.catalina.core.StandardEngineValve.invoke(StandardEngineValve.java:78) [tomcat-embed-core-9.0.38.jar:9.0.38]
	at org.apache.catalina.connector.CoyoteAdapter.service(CoyoteAdapter.java:343) [tomcat-embed-core-9.0.38.jar:9.0.38]
	at org.apache.coyote.http11.Http11Processor.service(Http11Processor.java:374) [tomcat-embed-core-9.0.38.jar:9.0.38]
	at org.apache.coyote.AbstractProcessorLight.process(AbstractProcessorLight.java:65) [tomcat-embed-core-9.0.38.jar:9.0.38]
	at org.apache.coyote.AbstractProtocol$ConnectionHandler.process(AbstractProtocol.java:868) [tomcat-embed-core-9.0.38.jar:9.0.38]
	at org.apache.tomcat.util.net.NioEndpoint$SocketProcessor.doRun(NioEndpoint.java:1590) [tomcat-embed-core-9.0.38.jar:9.0.38]
	at org.apache.tomcat.util.net.SocketProcessorBase.run(SocketProcessorBase.java:49) [tomcat-embed-core-9.0.38.jar:9.0.38]
	at java.util.concurrent.ThreadPoolExecutor.runWorker(ThreadPoolExecutor.java:1128) [?:?]
	at java.util.concurrent.ThreadPoolExecutor$Worker.run(ThreadPoolExecutor.java:628) [?:?]
	at org.apache.tomcat.util.threads.TaskThread$WrappingRunnable.run(TaskThread.java:61) [tomcat-embed-core-9.0.38.jar:9.0.38]
	at java.lang.Thread.run(Thread.java:834) [?:?]
12-04 16:02:35.563 [ INFO] [                       o.h.v.i.u.Version: 21] - HV000001: Hibernate Validator 6.1.5.Final
12-04 16:02:35.594 [ INFO] [             c.g.g.GeekstudioApplication: 55] - Starting GeekstudioApplication on DESKTOP-JFM65K6 with PID 13120 (D:\ideaProject\geekstudio\target\classes started by 王家辉 in D:\ideaProject\geekstudio)
12-04 16:02:35.596 [ INFO] [             c.g.g.GeekstudioApplication:651] - No active profile set, falling back to default profiles: default
12-04 16:02:36.119 [ INFO] [.s.d.r.c.RepositoryConfigurationDelegate:249] - Multiple Spring Data modules found, entering strict repository configuration mode!
12-04 16:02:36.126 [ INFO] [.s.d.r.c.RepositoryConfigurationDelegate:127] - Bootstrapping Spring Data Redis repositories in DEFAULT mode.
12-04 16:02:36.151 [ INFO] [.s.d.r.c.RepositoryConfigurationDelegate:187] - Finished Spring Data repository scanning in 17ms. Found 0 Redis repository interfaces.
12-04 16:02:36.522 [ INFO] [             o.s.b.w.e.t.TomcatWebServer:108] - Tomcat initialized with port(s): 8080 (http)
12-04 16:02:36.528 [ INFO] [               o.a.c.h.Http11NioProtocol:173] - Initializing ProtocolHandler ["http-nio-8080"]
12-04 16:02:36.528 [ INFO] [                 o.a.c.c.StandardService:173] - Starting service [Tomcat]
12-04 16:02:36.529 [ INFO] [                  o.a.c.c.StandardEngine:173] - Starting Servlet engine: [Apache Tomcat/9.0.38]
12-04 16:02:36.594 [ INFO] [                       o.a.c.c.C.[.[.[/]:173] - Initializing Spring embedded WebApplicationContext
12-04 16:02:36.594 [ INFO] [w.s.c.ServletWebServerApplicationContext:285] - Root WebApplicationContext: initialization completed in 950 ms
12-04 16:02:37.189 [ INFO] [         o.s.s.c.ThreadPoolTaskScheduler:181] - Initializing ExecutorService 'taskScheduler'
12-04 16:02:37.207 [ INFO] [               o.a.c.h.Http11NioProtocol:173] - Starting ProtocolHandler ["http-nio-8080"]
12-04 16:02:37.227 [ INFO] [             o.s.b.w.e.t.TomcatWebServer:220] - Tomcat started on port(s): 8080 (http) with context path ''
12-04 16:02:37.247 [ INFO] [             c.g.g.GeekstudioApplication: 61] - Started GeekstudioApplication in 2.051 seconds (JVM running for 4.36)
12-04 16:02:55.482 [ INFO] [                       o.a.c.c.C.[.[.[/]:173] - Initializing Spring DispatcherServlet 'dispatcherServlet'
12-04 16:02:55.483 [ INFO] [               o.s.w.s.DispatcherServlet:525] - Initializing Servlet 'dispatcherServlet'
12-04 16:02:55.487 [ INFO] [               o.s.w.s.DispatcherServlet:547] - Completed initialization in 4 ms
12-04 16:02:55.573 [ INFO] [              c.g.g.s.p.UserServiceProxy: 47] - 用户登录：userId:superAdmin, password:123456
12-04 16:02:55.589 [ INFO] [                  c.z.h.HikariDataSource:110] - HikariPool-1 - Starting...
12-04 16:02:55.842 [ INFO] [                  c.z.h.HikariDataSource:123] - HikariPool-1 - Start completed.
12-04 16:02:55.847 [DEBUG] [  c.g.g.m.U.queryUserByUserIdAndPassword:159] - ==>  Preparing: SELECT * FROM user WHERE userId=? AND password=? 
12-04 16:02:55.867 [DEBUG] [  c.g.g.m.U.queryUserByUserIdAndPassword:159] - ==> Parameters: superAdmin(String), 123456(String)
12-04 16:02:55.882 [DEBUG] [  c.g.g.m.U.queryUserByUserIdAndPassword:159] - <==      Total: 0
12-04 16:02:55.886 [DEBUG] [ c.g.g.m.A.queryAdminByUserIdAndPassword:159] - ==>  Preparing: SELECT * FROM admin WHERE adminId=? AND password=? 
12-04 16:02:55.887 [DEBUG] [ c.g.g.m.A.queryAdminByUserIdAndPassword:159] - ==> Parameters: superAdmin(String), 123456(String)
12-04 16:02:55.891 [DEBUG] [ c.g.g.m.A.queryAdminByUserIdAndPassword:159] - <==      Total: 1
12-04 16:04:05.362 [ INFO] [             c.g.g.s.p.AdminServiceProxy: 39] - 添加课程：courseId--5,courseName--C
12-04 16:04:05.366 [DEBUG] [         c.g.g.m.C.queryCourseByCourseId:159] - ==>  Preparing: SELECT * FROM course WHERE courseId=? 
12-04 16:04:05.367 [DEBUG] [         c.g.g.m.C.queryCourseByCourseId:159] - ==> Parameters: 5(Integer)
12-04 16:04:05.371 [DEBUG] [         c.g.g.m.C.queryCourseByCourseId:159] - <==      Total: 0
12-04 16:04:05.372 [DEBUG] [                     c.g.g.m.C.addCourse:159] - ==>  Preparing: INSERT INTO course (courseId,courseName,addTime) VALUES (?,?,?) 
12-04 16:04:05.373 [DEBUG] [                     c.g.g.m.C.addCourse:159] - ==> Parameters: 5(Integer), C(String), 2020-12-04:16-04-05(String)
12-04 16:04:05.392 [DEBUG] [                     c.g.g.m.C.addCourse:159] - <==    Updates: 1
12-04 18:17:49.838 [ INFO] [                       o.h.v.i.u.Version: 21] - HV000001: Hibernate Validator 6.1.5.Final
12-04 18:17:49.882 [ INFO] [             c.g.g.GeekstudioApplication: 55] - Starting GeekstudioApplication on DESKTOP-JFM65K6 with PID 18884 (D:\ideaProject\geekstudio\target\classes started by 王家辉 in D:\ideaProject\geekstudio)
12-04 18:17:49.884 [ INFO] [             c.g.g.GeekstudioApplication:651] - No active profile set, falling back to default profiles: default
12-04 18:17:50.370 [ INFO] [.s.d.r.c.RepositoryConfigurationDelegate:249] - Multiple Spring Data modules found, entering strict repository configuration mode!
12-04 18:17:50.378 [ INFO] [.s.d.r.c.RepositoryConfigurationDelegate:127] - Bootstrapping Spring Data Redis repositories in DEFAULT mode.
12-04 18:17:50.404 [ INFO] [.s.d.r.c.RepositoryConfigurationDelegate:187] - Finished Spring Data repository scanning in 15ms. Found 0 Redis repository interfaces.
12-04 18:17:50.763 [ INFO] [             o.s.b.w.e.t.TomcatWebServer:108] - Tomcat initialized with port(s): 8080 (http)
12-04 18:17:50.770 [ INFO] [               o.a.c.h.Http11NioProtocol:173] - Initializing ProtocolHandler ["http-nio-8080"]
12-04 18:17:50.771 [ INFO] [                 o.a.c.c.StandardService:173] - Starting service [Tomcat]
12-04 18:17:50.771 [ INFO] [                  o.a.c.c.StandardEngine:173] - Starting Servlet engine: [Apache Tomcat/9.0.38]
12-04 18:17:50.836 [ INFO] [                       o.a.c.c.C.[.[.[/]:173] - Initializing Spring embedded WebApplicationContext
12-04 18:17:50.837 [ INFO] [w.s.c.ServletWebServerApplicationContext:285] - Root WebApplicationContext: initialization completed in 919 ms
12-04 18:17:51.464 [ INFO] [         o.s.s.c.ThreadPoolTaskScheduler:181] - Initializing ExecutorService 'taskScheduler'
12-04 18:17:51.484 [ INFO] [               o.a.c.h.Http11NioProtocol:173] - Starting ProtocolHandler ["http-nio-8080"]
12-04 18:17:51.503 [ INFO] [             o.s.b.w.e.t.TomcatWebServer:220] - Tomcat started on port(s): 8080 (http) with context path ''
12-04 18:17:51.512 [ INFO] [             c.g.g.GeekstudioApplication: 61] - Started GeekstudioApplication in 1.965 seconds (JVM running for 3.879)
12-04 18:18:18.842 [ INFO] [                       o.a.c.c.C.[.[.[/]:173] - Initializing Spring DispatcherServlet 'dispatcherServlet'
12-04 18:18:18.842 [ INFO] [               o.s.w.s.DispatcherServlet:525] - Initializing Servlet 'dispatcherServlet'
12-04 18:18:18.849 [ INFO] [               o.s.w.s.DispatcherServlet:547] - Completed initialization in 7 ms
12-04 18:18:18.956 [ INFO] [              c.g.g.s.p.UserServiceProxy: 47] - 用户登录：userId:superAdmin, password:123456
12-04 18:18:18.989 [ INFO] [                  c.z.h.HikariDataSource:110] - HikariPool-1 - Starting...
12-04 18:18:19.304 [ INFO] [                  c.z.h.HikariDataSource:123] - HikariPool-1 - Start completed.
12-04 18:18:19.310 [DEBUG] [  c.g.g.m.U.queryUserByUserIdAndPassword:159] - ==>  Preparing: SELECT * FROM user WHERE userId=? AND password=? 
12-04 18:18:19.328 [DEBUG] [  c.g.g.m.U.queryUserByUserIdAndPassword:159] - ==> Parameters: superAdmin(String), 123456(String)
12-04 18:18:19.344 [DEBUG] [  c.g.g.m.U.queryUserByUserIdAndPassword:159] - <==      Total: 0
12-04 18:18:19.349 [DEBUG] [ c.g.g.m.A.queryAdminByUserIdAndPassword:159] - ==>  Preparing: SELECT * FROM admin WHERE adminId=? AND password=? 
12-04 18:18:19.349 [DEBUG] [ c.g.g.m.A.queryAdminByUserIdAndPassword:159] - ==> Parameters: superAdmin(String), 123456(String)
12-04 18:18:19.353 [DEBUG] [ c.g.g.m.A.queryAdminByUserIdAndPassword:159] - <==      Total: 1
12-04 18:20:13.970 [ INFO] [                       o.h.v.i.u.Version: 21] - HV000001: Hibernate Validator 6.1.5.Final
12-04 18:20:14.011 [ INFO] [             c.g.g.GeekstudioApplication: 55] - Starting GeekstudioApplication on DESKTOP-JFM65K6 with PID 8256 (D:\ideaProject\geekstudio\target\classes started by 王家辉 in D:\ideaProject\geekstudio)
12-04 18:20:14.013 [ INFO] [             c.g.g.GeekstudioApplication:651] - No active profile set, falling back to default profiles: default
12-04 18:20:14.624 [ INFO] [.s.d.r.c.RepositoryConfigurationDelegate:249] - Multiple Spring Data modules found, entering strict repository configuration mode!
12-04 18:20:14.630 [ INFO] [.s.d.r.c.RepositoryConfigurationDelegate:127] - Bootstrapping Spring Data Redis repositories in DEFAULT mode.
12-04 18:20:14.654 [ INFO] [.s.d.r.c.RepositoryConfigurationDelegate:187] - Finished Spring Data repository scanning in 16ms. Found 0 Redis repository interfaces.
12-04 18:20:15.041 [ INFO] [             o.s.b.w.e.t.TomcatWebServer:108] - Tomcat initialized with port(s): 8080 (http)
12-04 18:20:15.047 [ INFO] [               o.a.c.h.Http11NioProtocol:173] - Initializing ProtocolHandler ["http-nio-8080"]
12-04 18:20:15.048 [ INFO] [                 o.a.c.c.StandardService:173] - Starting service [Tomcat]
12-04 18:20:15.048 [ INFO] [                  o.a.c.c.StandardEngine:173] - Starting Servlet engine: [Apache Tomcat/9.0.38]
12-04 18:20:15.111 [ INFO] [                       o.a.c.c.C.[.[.[/]:173] - Initializing Spring embedded WebApplicationContext
12-04 18:20:15.111 [ INFO] [w.s.c.ServletWebServerApplicationContext:285] - Root WebApplicationContext: initialization completed in 1035 ms
12-04 18:20:15.687 [ INFO] [         o.s.s.c.ThreadPoolTaskScheduler:181] - Initializing ExecutorService 'taskScheduler'
12-04 18:20:15.705 [ INFO] [               o.a.c.h.Http11NioProtocol:173] - Starting ProtocolHandler ["http-nio-8080"]
12-04 18:20:15.723 [ INFO] [             o.s.b.w.e.t.TomcatWebServer:220] - Tomcat started on port(s): 8080 (http) with context path ''
12-04 18:20:15.732 [ INFO] [             c.g.g.GeekstudioApplication: 61] - Started GeekstudioApplication in 2.061 seconds (JVM running for 3.87)
12-04 18:20:20.945 [ INFO] [                       o.a.c.c.C.[.[.[/]:173] - Initializing Spring DispatcherServlet 'dispatcherServlet'
12-04 18:20:20.946 [ INFO] [               o.s.w.s.DispatcherServlet:525] - Initializing Servlet 'dispatcherServlet'
12-04 18:20:20.952 [ INFO] [               o.s.w.s.DispatcherServlet:547] - Completed initialization in 5 ms
12-04 18:20:21.055 [ INFO] [              c.g.g.s.p.UserServiceProxy: 47] - 用户登录：userId:superAdmin, password:123456
12-04 18:20:21.071 [ INFO] [                  c.z.h.HikariDataSource:110] - HikariPool-1 - Starting...
12-04 18:20:21.308 [ INFO] [                  c.z.h.HikariDataSource:123] - HikariPool-1 - Start completed.
12-04 18:20:21.315 [DEBUG] [  c.g.g.m.U.queryUserByUserIdAndPassword:159] - ==>  Preparing: SELECT * FROM user WHERE userId=? AND password=? 
12-04 18:20:21.333 [DEBUG] [  c.g.g.m.U.queryUserByUserIdAndPassword:159] - ==> Parameters: superAdmin(String), 123456(String)
12-04 18:20:21.367 [DEBUG] [  c.g.g.m.U.queryUserByUserIdAndPassword:159] - <==      Total: 0
12-04 18:20:21.372 [DEBUG] [ c.g.g.m.A.queryAdminByUserIdAndPassword:159] - ==>  Preparing: SELECT * FROM admin WHERE adminId=? AND password=? 
12-04 18:20:21.372 [DEBUG] [ c.g.g.m.A.queryAdminByUserIdAndPassword:159] - ==> Parameters: superAdmin(String), 123456(String)
12-04 18:20:21.375 [DEBUG] [ c.g.g.m.A.queryAdminByUserIdAndPassword:159] - <==      Total: 1
12-04 18:24:48.512 [DEBUG] [           c.g.g.m.A.queryAdminByAdminId:159] - ==>  Preparing: SELECT * FROM admin WHERE adminId=? 
12-04 18:24:48.513 [DEBUG] [           c.g.g.m.A.queryAdminByAdminId:159] - ==> Parameters: ["200000"(String)
12-04 18:24:48.515 [DEBUG] [           c.g.g.m.A.queryAdminByAdminId:159] - <==      Total: 0
12-04 18:24:48.517 [DEBUG] [           c.g.g.m.A.queryAdminByAdminId:159] - ==>  Preparing: SELECT * FROM admin WHERE adminId=? 
12-04 18:24:48.517 [DEBUG] [           c.g.g.m.A.queryAdminByAdminId:159] - ==> Parameters: "2019133131"](String)
12-04 18:24:48.519 [DEBUG] [           c.g.g.m.A.queryAdminByAdminId:159] - <==      Total: 0
12-04 18:25:59.256 [DEBUG] [           c.g.g.m.A.queryAdminByAdminId:159] - ==>  Preparing: SELECT * FROM admin WHERE adminId=? 
12-04 18:25:59.258 [DEBUG] [           c.g.g.m.A.queryAdminByAdminId:159] - ==> Parameters: ['200000'(String)
12-04 18:25:59.259 [DEBUG] [           c.g.g.m.A.queryAdminByAdminId:159] - <==      Total: 0
12-04 18:25:59.260 [DEBUG] [           c.g.g.m.A.queryAdminByAdminId:159] - ==>  Preparing: SELECT * FROM admin WHERE adminId=? 
12-04 18:25:59.260 [DEBUG] [           c.g.g.m.A.queryAdminByAdminId:159] - ==> Parameters: '2019133131'](String)
12-04 18:25:59.262 [DEBUG] [           c.g.g.m.A.queryAdminByAdminId:159] - <==      Total: 0
12-04 18:26:14.287 [DEBUG] [           c.g.g.m.A.queryAdminByAdminId:159] - ==>  Preparing: SELECT * FROM admin WHERE adminId=? 
12-04 18:26:14.288 [DEBUG] [           c.g.g.m.A.queryAdminByAdminId:159] - ==> Parameters: '200000'(String)
12-04 18:26:14.291 [DEBUG] [           c.g.g.m.A.queryAdminByAdminId:159] - <==      Total: 0
12-04 18:26:14.292 [DEBUG] [           c.g.g.m.A.queryAdminByAdminId:159] - ==>  Preparing: SELECT * FROM admin WHERE adminId=? 
12-04 18:26:14.293 [DEBUG] [           c.g.g.m.A.queryAdminByAdminId:159] - ==> Parameters: '2019133131'(String)
12-04 18:26:14.296 [DEBUG] [           c.g.g.m.A.queryAdminByAdminId:159] - <==      Total: 0
12-04 18:26:35.011 [DEBUG] [           c.g.g.m.A.queryAdminByAdminId:159] - ==>  Preparing: SELECT * FROM admin WHERE adminId=? 
12-04 18:26:35.012 [DEBUG] [           c.g.g.m.A.queryAdminByAdminId:159] - ==> Parameters: "200000"(String)
12-04 18:26:35.014 [DEBUG] [           c.g.g.m.A.queryAdminByAdminId:159] - <==      Total: 0
12-04 18:26:35.015 [DEBUG] [           c.g.g.m.A.queryAdminByAdminId:159] - ==>  Preparing: SELECT * FROM admin WHERE adminId=? 
12-04 18:26:35.015 [DEBUG] [           c.g.g.m.A.queryAdminByAdminId:159] - ==> Parameters: "2019133131"(String)
12-04 18:26:35.017 [DEBUG] [           c.g.g.m.A.queryAdminByAdminId:159] - <==      Total: 0
12-04 18:26:45.933 [DEBUG] [           c.g.g.m.A.queryAdminByAdminId:159] - ==>  Preparing: SELECT * FROM admin WHERE adminId=? 
12-04 18:26:45.934 [DEBUG] [           c.g.g.m.A.queryAdminByAdminId:159] - ==> Parameters: 200000(String)
12-04 18:26:45.938 [DEBUG] [           c.g.g.m.A.queryAdminByAdminId:159] - <==      Total: 1
12-04 18:26:45.939 [DEBUG] [          c.g.g.m.A.deleteAdminByAdminId:159] - ==>  Preparing: DELETE FROM admin WHERE adminId=? 
12-04 18:26:45.940 [DEBUG] [          c.g.g.m.A.deleteAdminByAdminId:159] - ==> Parameters: 200000(String)
12-04 18:26:45.953 [DEBUG] [          c.g.g.m.A.deleteAdminByAdminId:159] - <==    Updates: 1
12-04 18:26:45.954 [DEBUG] [           c.g.g.m.A.queryAdminByAdminId:159] - ==>  Preparing: SELECT * FROM admin WHERE adminId=? 
12-04 18:26:45.954 [DEBUG] [           c.g.g.m.A.queryAdminByAdminId:159] - ==> Parameters: 2019133131(String)
12-04 18:26:45.957 [DEBUG] [           c.g.g.m.A.queryAdminByAdminId:159] - <==      Total: 1
12-04 18:26:45.958 [DEBUG] [          c.g.g.m.A.deleteAdminByAdminId:159] - ==>  Preparing: DELETE FROM admin WHERE adminId=? 
12-04 18:26:45.958 [DEBUG] [          c.g.g.m.A.deleteAdminByAdminId:159] - ==> Parameters: 2019133131(String)
12-04 18:26:45.964 [DEBUG] [          c.g.g.m.A.deleteAdminByAdminId:159] - <==    Updates: 1
12-04 18:31:37.263 [ INFO] [            c.g.g.s.p.CourseServiceProxy: 30] - 删除课程：courseId--5
12-04 18:31:37.274 [DEBUG] [         c.g.g.m.C.queryCourseByCourseId:159] - ==>  Preparing: SELECT * FROM course WHERE courseId=? 
12-04 18:31:37.275 [DEBUG] [         c.g.g.m.C.queryCourseByCourseId:159] - ==> Parameters: 5(Integer)
12-04 18:31:37.279 [DEBUG] [         c.g.g.m.C.queryCourseByCourseId:159] - <==      Total: 1
12-04 18:33:29.551 [ INFO] [                       o.h.v.i.u.Version: 21] - HV000001: Hibernate Validator 6.1.5.Final
12-04 18:33:29.595 [ INFO] [             c.g.g.GeekstudioApplication: 55] - Starting GeekstudioApplication on DESKTOP-JFM65K6 with PID 1792 (D:\ideaProject\geekstudio\target\classes started by 王家辉 in D:\ideaProject\geekstudio)
12-04 18:33:29.597 [ INFO] [             c.g.g.GeekstudioApplication:651] - No active profile set, falling back to default profiles: default
12-04 18:33:30.119 [ INFO] [.s.d.r.c.RepositoryConfigurationDelegate:249] - Multiple Spring Data modules found, entering strict repository configuration mode!
12-04 18:33:30.126 [ INFO] [.s.d.r.c.RepositoryConfigurationDelegate:127] - Bootstrapping Spring Data Redis repositories in DEFAULT mode.
12-04 18:33:30.148 [ INFO] [.s.d.r.c.RepositoryConfigurationDelegate:187] - Finished Spring Data repository scanning in 14ms. Found 0 Redis repository interfaces.
12-04 18:33:30.572 [ INFO] [             o.s.b.w.e.t.TomcatWebServer:108] - Tomcat initialized with port(s): 8080 (http)
12-04 18:33:30.580 [ INFO] [               o.a.c.h.Http11NioProtocol:173] - Initializing ProtocolHandler ["http-nio-8080"]
12-04 18:33:30.582 [ INFO] [                 o.a.c.c.StandardService:173] - Starting service [Tomcat]
12-04 18:33:30.582 [ INFO] [                  o.a.c.c.StandardEngine:173] - Starting Servlet engine: [Apache Tomcat/9.0.38]
12-04 18:33:30.657 [ INFO] [                       o.a.c.c.C.[.[.[/]:173] - Initializing Spring embedded WebApplicationContext
12-04 18:33:30.657 [ INFO] [w.s.c.ServletWebServerApplicationContext:285] - Root WebApplicationContext: initialization completed in 1008 ms
12-04 18:33:31.288 [ INFO] [         o.s.s.c.ThreadPoolTaskScheduler:181] - Initializing ExecutorService 'taskScheduler'
12-04 18:33:31.308 [ INFO] [               o.a.c.h.Http11NioProtocol:173] - Starting ProtocolHandler ["http-nio-8080"]
12-04 18:33:31.336 [ INFO] [             o.s.b.w.e.t.TomcatWebServer:220] - Tomcat started on port(s): 8080 (http) with context path ''
12-04 18:33:31.346 [ INFO] [             c.g.g.GeekstudioApplication: 61] - Started GeekstudioApplication in 2.096 seconds (JVM running for 3.911)
12-04 18:33:42.828 [ INFO] [                       o.a.c.c.C.[.[.[/]:173] - Initializing Spring DispatcherServlet 'dispatcherServlet'
12-04 18:33:42.828 [ INFO] [               o.s.w.s.DispatcherServlet:525] - Initializing Servlet 'dispatcherServlet'
12-04 18:33:42.834 [ INFO] [               o.s.w.s.DispatcherServlet:547] - Completed initialization in 5 ms
12-04 18:33:42.930 [ INFO] [              c.g.g.s.p.UserServiceProxy: 47] - 用户登录：userId:superAdmin, password:123456
12-04 18:33:42.944 [ INFO] [                  c.z.h.HikariDataSource:110] - HikariPool-1 - Starting...
12-04 18:33:43.193 [ INFO] [                  c.z.h.HikariDataSource:123] - HikariPool-1 - Start completed.
12-04 18:33:43.199 [DEBUG] [  c.g.g.m.U.queryUserByUserIdAndPassword:159] - ==>  Preparing: SELECT * FROM user WHERE userId=? AND password=? 
12-04 18:33:43.219 [DEBUG] [  c.g.g.m.U.queryUserByUserIdAndPassword:159] - ==> Parameters: superAdmin(String), 123456(String)
12-04 18:33:43.235 [DEBUG] [  c.g.g.m.U.queryUserByUserIdAndPassword:159] - <==      Total: 0
12-04 18:33:43.240 [DEBUG] [ c.g.g.m.A.queryAdminByUserIdAndPassword:159] - ==>  Preparing: SELECT * FROM admin WHERE adminId=? AND password=? 
12-04 18:33:43.241 [DEBUG] [ c.g.g.m.A.queryAdminByUserIdAndPassword:159] - ==> Parameters: superAdmin(String), 123456(String)
12-04 18:33:43.247 [DEBUG] [ c.g.g.m.A.queryAdminByUserIdAndPassword:159] - <==      Total: 1
12-04 18:34:45.067 [ INFO] [            c.g.g.s.p.CourseServiceProxy: 30] - 删除课程：courseId--5
12-04 18:34:45.077 [DEBUG] [         c.g.g.m.C.queryCourseByCourseId:159] - ==>  Preparing: SELECT * FROM course WHERE courseId=? 
12-04 18:34:45.078 [DEBUG] [         c.g.g.m.C.queryCourseByCourseId:159] - ==> Parameters: 5(Integer)
12-04 18:34:45.084 [DEBUG] [         c.g.g.m.C.queryCourseByCourseId:159] - <==      Total: 1
12-04 18:34:45.085 [DEBUG] [        c.g.g.m.C.deleteCourseByCourseId:159] - ==>  Preparing: DELETE FROM course WHERE courseId=? 
12-04 18:34:45.086 [DEBUG] [        c.g.g.m.C.deleteCourseByCourseId:159] - ==> Parameters: 5(Integer)
12-04 18:34:45.088 [DEBUG] [        c.g.g.m.C.deleteCourseByCourseId:159] - <==    Updates: 1
12-04 22:03:47.903 [ WARN] [                      c.z.h.p.HikariPool:787] - HikariPool-1 - Thread starvation or clock leap detected (housekeeper delta=2h40m4s494ms197µs).
12-04 23:58:57.360 [ INFO] [              c.g.g.s.p.UserServiceProxy: 47] - 用户登录：userId:superAdmin, password:123456
12-04 23:58:57.386 [DEBUG] [  c.g.g.m.U.queryUserByUserIdAndPassword:159] - ==>  Preparing: SELECT * FROM user WHERE userId=? AND password=? 
12-04 23:58:57.394 [DEBUG] [  c.g.g.m.U.queryUserByUserIdAndPassword:159] - ==> Parameters: superAdmin(String), 123456(String)
12-04 23:58:57.400 [DEBUG] [  c.g.g.m.U.queryUserByUserIdAndPassword:159] - <==      Total: 0
12-04 23:58:57.402 [DEBUG] [ c.g.g.m.A.queryAdminByUserIdAndPassword:159] - ==>  Preparing: SELECT * FROM admin WHERE adminId=? AND password=? 
12-04 23:58:57.402 [DEBUG] [ c.g.g.m.A.queryAdminByUserIdAndPassword:159] - ==> Parameters: superAdmin(String), 123456(String)
12-04 23:58:57.413 [DEBUG] [ c.g.g.m.A.queryAdminByUserIdAndPassword:159] - <==      Total: 1
